<?xml version="1.0" encoding="utf-8"?><testsuites name="pytest tests"><testsuite name="pytest" errors="0" failures="0" skipped="0" tests="621" time="67.660" timestamp="2026-09-05T17:44:20.550372+02:00" hostname="localhost"><testcase classname="tests.test_lint_bare_object_problem_patterns" name="test_no_new_unreviewed_bare_object_patterns" time="0.000" /><testcase classname="tests.test_lint_bare_object_problem_patterns" name="test_no_new_unreviewed_bare_problem_patterns" time="0.000" /><testcase classname="tests.test_lint_bare_settings_terms" name="test_no_new_unreviewed_bare_settings_terms" time="0.082" /><testcase classname="tests.test_result_event_integrity_15_report_7" name="test_result_integrity_15_rejects_report_7_noise" time="0.641" /><testcase classname="tests.test_result_event_integrity_15_report_7" name="test_result_integrity_15_keeps_report_7_public_problem_controls" time="0.696" /><testcase classname="tests.test_result_event_integrity_15_report_7" name="test_result_integrity_15_keeps_and_classifies_animal_welfare_complaint" time="0.190" /><testcase classname="tests.test_result_event_integrity_15_report_7" name="test_event_integrity_15_merges_pinsk_confectionery_rewrites" time="0.005" /><testcase classname="tests.test_result_event_integrity_15_report_7" name="test_event_integrity_15_merges_communal_overcharge_and_prefers_site" time="0.001" /><testcase classname="tests.test_result_event_integrity_15_report_7" name="test_event_integrity_15_merges_store_hiring_rewrites" time="0.001" /><testcase classname="tests.test_result_event_integrity_15_report_7" name="test_event_integrity_15_does_not_merge_food_findings_across_regions" time="0.000" /><testcase classname="tests.test_result_event_integrity_15_report_7" name="test_event_integrity_15_fingerprints_bullying_and_food_safety" time="0.025" /><testcase classname="tests.test_result_event_integrity_15_report_7" name="test_source_resilience_11_flagshtok_uses_curated_current_sitemaps" time="0.000" /><testcase classname="tests.test_result_event_integrity_15_report_7" name="test_source_resilience_11_news_sitemap_reads_nested_date_and_newest_first" time="0.002" /><testcase classname="tests.test_result_event_integrity_16_report_10" name="test_result_integrity_16_rejects_report_10_noise" time="1.295" /><testcase classname="tests.test_result_event_integrity_16_report_10" name="test_result_integrity_16_keeps_report_10_public_problem_controls" time="0.900" /><testcase classname="tests.test_result_event_integrity_16_report_10" name="test_result_integrity_16_keeps_actual_public_discussion_of_law" time="0.179" /><testcase classname="tests.test_result_event_integrity_16_report_10" name="test_result_integrity_16_keeps_unplanned_persistent_water_outage" time="0.172" /><testcase classname="tests.test_result_event_integrity_16_report_10" name="test_event_integrity_16_fingerprints_report_10_problem_families" time="0.019" /><testcase classname="tests.test_result_event_integrity_16_report_10" name="test_event_integrity_16_links_full_and_short_confectionery_rewrites" time="0.009" /><testcase classname="tests.test_result_event_integrity_16_report_10" name="test_event_integrity_16_does_not_globalize_single_pathogen_findings" time="0.002" /><testcase classname="tests.test_result_event_integrity_17_report_14" name="test_result_integrity_17_rejects_confirmed_report_14_noise" time="1.372" /><testcase classname="tests.test_result_event_integrity_17_report_14" name="test_result_integrity_17_keeps_transport_capacity_complaint_variants" time="0.348" /><testcase classname="tests.test_result_event_integrity_17_report_14" name="test_result_integrity_17_corrects_six_confirmed_categories" time="1.050" /><testcase classname="tests.test_result_event_integrity_17_report_14" name="test_result_integrity_keeps_outpatient_queue_complaint_when_body_evidence_is_late" time="0.233" /><testcase classname="tests.test_result_event_integrity_17_report_14" name="test_event_integrity_17_consolidates_seven_report_14_event_groups" time="0.048" /><testcase classname="tests.test_result_event_integrity_17_report_14" name="test_event_integrity_17_does_not_merge_different_rivers_or_products" time="0.005" /><testcase classname="tests.test_result_event_integrity_18_report_16" name="test_positive_income_comparison_with_reversal_still_rejected" time="0.203" /><testcase classname="tests.test_result_event_integrity_18_report_16" name="test_genuine_real_income_decline_still_passes" time="0.200" /><testcase classname="tests.test_result_event_integrity_18_report_16" name="test_has_unreversed_negative_outcome_helper" time="0.001" /><testcase classname="tests.test_result_event_integrity_18_report_16" name="test_national_scope_fallback_builds_signature_when_object_and_problem_match" time="0.018" /><testcase classname="tests.test_result_event_integrity_18_report_16" name="test_national_fallback_does_not_fire_without_object_or_problem" time="0.002" /><testcase classname="tests.test_result_event_integrity_18_report_16" name="test_national_fallback_does_not_paper_over_missing_locality_extraction" time="0.001" /><testcase classname="tests.test_result_event_integrity_18_report_16" name="test_explicit_locality_still_takes_priority_over_national_fallback" time="0.001" /><testcase classname="tests.test_result_event_integrity_18_report_16" name="test_write_rejected_signals_csv_only_includes_strong_prefilter_rejections" time="0.002" /><testcase classname="tests.test_result_event_integrity_18_report_16" name="test_prune_state_keeps_title_cache_in_sync_with_seen" time="0.000" /><testcase classname="tests.test_result_event_integrity_19_report_17" name="test_vkurier_numeric_article_ids_now_admitted" time="0.001" /><testcase classname="tests.test_result_event_integrity_19_report_17" name="test_numeric_article_id_rule_stays_bounded" time="0.000" /><testcase classname="tests.test_result_event_integrity_19_report_17" name="test_nashaniva_bare_numeric_route_exception_is_preserved" time="0.001" /><testcase classname="tests.test_result_event_integrity_19_report_17" name="test_daily_workflow_uploads_debug_directory_as_a_separate_artifact" time="0.000" /><testcase classname="tests.test_result_event_integrity_20_report_18" name="test_vkurier_profile_hedges_transport_without_touching_discovery" time="0.000" /><testcase classname="tests.test_result_event_integrity_20_report_18" name="test_write_rejected_signals_csv_now_captures_extraction_failures" time="0.001" /><testcase classname="tests.test_result_event_integrity_20_report_18" name="test_write_rejected_signals_csv_still_covers_relevance_rejections" time="0.000" /><testcase classname="tests.test_result_event_integrity_21_report_20" name="test_new_wordings_not_individually_enumerated_are_still_positive" time="0.001" /><testcase classname="tests.test_result_event_integrity_21_report_20" name="test_genuine_negative_outcomes_still_detected" time="0.000" /><testcase classname="tests.test_result_event_integrity_21_report_20" name="test_concessive_clause_does_not_leak_into_the_main_clause" time="0.000" /><testcase classname="tests.test_result_event_integrity_21_report_20" name="test_comparative_form_still_resolves_correctly" time="0.000" /><testcase classname="tests.test_result_event_integrity_21_report_20" name="test_neutral_text_has_no_signal_either_way" time="0.000" /><testcase classname="tests.test_result_event_integrity_21_report_20" name="test_genre_rejection_now_triggers_without_the_old_fixed_phrase_list" time="0.000" /><testcase classname="tests.test_result_event_integrity_21_report_20" name="test_genre_rejection_still_lets_genuine_problems_through" time="0.002" /><testcase classname="tests.test_result_event_integrity_22_report_21" name="test_chromium_trigger_no_longer_hard_restricted_to_belsat_adapter" time="0.004" /><testcase classname="tests.test_result_event_integrity_22_report_21" name="test_vkurier_profile_now_has_a_working_chromium_gate" time="0.000" /><testcase classname="tests.test_result_event_integrity_22_report_21" name="test_belsat_chromium_behaviour_is_unaffected" time="0.000" /><testcase classname="tests.test_result_event_integrity_24_report_23_root_cause" name="test_sidebar_class_on_body_no_longer_deletes_the_whole_page" time="0.007" /><testcase classname="tests.test_result_event_integrity_24_report_23_root_cause" name="test_real_sidebar_widgets_are_still_removed" time="0.001" /><testcase classname="tests.test_result_event_integrity_24_report_23_root_cause" name="test_vkurier_real_article_extracts_via_root_cause_fix_alone" time="0.002" /><testcase classname="tests.test_result_integrity_14_report_5_54" name="test_result_integrity_14_rejects_report_5_54_noise" time="1.133" /><testcase classname="tests.test_result_integrity_14_report_5_54" name="test_result_integrity_14_keeps_public_problem_controls" time="0.880" /><testcase classname="tests.test_result_integrity_14_report_5_54" name="test_result_integrity_14_keeps_belarus_financial_access_restriction" time="0.192" /><testcase classname="tests.test_result_integrity_14_report_5_54" name="test_result_integrity_14_assigns_unpaid_final_pay_to_work" time="0.178" /><testcase classname="tests.test_result_integrity_14_report_5_54" name="test_result_integrity_14_merges_national_rewrites_from_regional_outlets" time="0.004" /><testcase classname="tests.test_result_integrity_14_report_5_54" name="test_result_integrity_14_does_not_merge_local_problems_across_cities" time="0.000" /><testcase classname="tests.test_result_integrity_161_recall_admission_11" name="test_recall_161_keeps_domestic_product_safety_enforcement" time="0.378" /><testcase classname="tests.test_result_integrity_161_recall_admission_11" name="test_recall_161_keeps_confirmed_labour_rights_violation" time="0.193" /><testcase classname="tests.test_result_integrity_161_recall_admission_11" name="test_recall_161_keeps_public_transport_capacity_failure" time="0.187" /><testcase classname="tests.test_result_integrity_161_recall_admission_11" name="test_recall_161_keeps_real_income_and_employment_contraction" time="0.347" /><testcase classname="tests.test_result_integrity_161_recall_admission_11" name="test_recall_161_keeps_bounded_telecom_complaint" time="0.189" /><testcase classname="tests.test_result_integrity_161_recall_admission_11" name="test_recall_161_does_not_open_broad_false_positive_paths" time="0.460" /><testcase classname="tests.test_result_integrity_161_recall_admission_11" name="test_admission_11_raises_only_persistent_limit_sources" time="0.000" /><testcase classname="tests.test_social_monitor" name="test_canonicalize_url_removes_tracking" time="0.000" /><testcase classname="tests.test_social_monitor" name="test_road_complaint_is_included" time="0.210" /><testcase classname="tests.test_social_monitor" name="test_belarusian_complaint_is_included" time="0.174" /><testcase classname="tests.test_social_monitor" name="test_neutral_repair_announcement_is_excluded" time="0.103" /><testcase classname="tests.test_social_monitor" name="test_plain_price_statistics_are_excluded" time="0.113" /><testcase classname="tests.test_social_monitor" name="test_high_prices_are_included" time="0.210" /><testcase classname="tests.test_social_monitor" name="test_product_quality_finding_is_included_without_resident_quote" time="0.165" /><testcase classname="tests.test_social_monitor" name="test_political_material_is_excluded" time="0.046" /><testcase classname="tests.test_social_monitor" name="test_foreign_social_story_is_excluded" time="0.059" /><testcase classname="tests.test_social_monitor" name="test_crime_story_is_excluded" time="0.098" /><testcase classname="tests.test_social_monitor" name="test_denial_of_problem_is_not_negative_signal" time="0.096" /><testcase classname="tests.test_social_monitor" name="test_result_integrity_rejects_neutral_instructional_genre" time="0.003" /><testcase classname="tests.test_social_monitor" name="test_result_integrity_keeps_instruction_with_concrete_service_failure" time="0.000" /><testcase classname="tests.test_social_monitor" name="test_result_integrity_13_rejects_control_run_editorial_genres" time="0.003" /><testcase classname="tests.test_social_monitor" name="test_result_integrity_13_keeps_explainer_with_bound_resident_evidence" time="0.001" /><testcase classname="tests.test_social_monitor" name="test_evidence_binding_rejects_problem_found_only_deep_in_article" time="0.156" /><testcase classname="tests.test_social_monitor" name="test_core351_keeps_bound_consumer_redress_dispute" time="0.201" /><testcase classname="tests.test_social_monitor" name="test_core351_keeps_broken_public_waste_container_complaint" time="0.184" /><testcase classname="tests.test_social_monitor" name="test_core351_public_consultation_accountability_overrides_war_marker" time="0.194" /><testcase classname="tests.test_social_monitor" name="test_core351_rejects_private_tenancy_deposit_dispute" time="0.149" /><testcase classname="tests.test_social_monitor" name="test_core351_rejects_single_driver_passenger_insult" time="0.154" /><testcase classname="tests.test_social_monitor" name="test_core351_keeps_systemic_public_transport_complaint" time="0.183" /><testcase classname="tests.test_social_monitor" name="test_core36_editorial_intent_gate_rejects_report52_neutral_genres" time="0.002" /><testcase classname="tests.test_social_monitor" name="test_core36_editorial_intent_gate_keeps_verified_public_problem" time="0.001" /><testcase classname="tests.test_social_monitor" name="test_core36_full_relevance_rejects_report52_advice_and_notice_noise" time="0.548" /><testcase classname="tests.test_social_monitor" name="test_core36_keeps_systemic_doctor_complaints" time="0.202" /><testcase classname="tests.test_social_monitor" name="test_result_integrity_rejects_routine_forest_restriction" time="0.137" /><testcase classname="tests.test_social_monitor" name="test_result_integrity_rejects_currency_bulletin" time="0.135" /><testcase classname="tests.test_social_monitor" name="test_result_integrity_rejects_single_entertainment_incident" time="0.104" /><testcase classname="tests.test_social_monitor" name="test_result_integrity_rejects_foreign_demography_story" time="0.109" /><testcase classname="tests.test_social_monitor" name="test_result_integrity_rejects_corporate_repair_story" time="0.162" /><testcase classname="tests.test_social_monitor" name="test_result_integrity_keeps_direct_infrastructure_complaint" time="0.183" /><testcase classname="tests.test_social_monitor" name="test_product_contamination_is_classified_as_quality" time="0.165" /><testcase classname="tests.test_social_monitor" name="test_complaint_negation_after_verb_is_not_public_signal" time="0.094" /><testcase classname="tests.test_social_monitor" name="test_official_response_is_detected_and_selected" time="0.231" /><testcase classname="tests.test_social_monitor" name="test_excerpt_has_no_more_than_seven_sentences_and_keeps_order" time="0.232" /><testcase classname="tests.test_social_monitor" name="test_exact_excerpt_uses_ellipsis_for_non_contiguous_sentences" time="0.191" /><testcase classname="tests.test_social_monitor" name="test_process_candidate_uses_exact_title_and_excerpt" time="0.276" /><testcase classname="tests.test_social_monitor" name="test_old_article_is_rejected" time="0.262" /><testcase classname="tests.test_social_monitor" name="test_undated_sitemap_requires_strong_title" time="0.255" /><testcase classname="tests.test_social_monitor" name="test_undated_sitemap_with_strong_title_is_kept" time="0.284" /><testcase classname="tests.test_social_monitor" name="test_related_card_is_removed_from_article" time="0.004" /><testcase classname="tests.test_social_monitor" name="test_json_ld_title_and_date_are_extracted" time="0.001" /><testcase classname="tests.test_social_monitor" name="test_telegram_inline_text_needs_no_http" time="0.304" /><testcase classname="tests.test_social_monitor" name="test_language_detection" time="0.000" /><testcase classname="tests.test_social_monitor" name="test_extract_date_from_url" time="0.000" /><testcase classname="tests.test_social_monitor" name="test_default_email_recipient" time="0.000" /><testcase classname="tests.test_social_monitor" name="test_additional_email_recipient" time="0.000" /><testcase classname="tests.test_social_monitor" name="test_minsk_timezone" time="0.000" /><testcase classname="tests.test_social_monitor" name="test_direct_complaint_stem_is_recognized" time="0.183" /><testcase classname="tests.test_social_monitor" name="test_expensive_product_does_not_trigger_road_category" time="0.157" /><testcase classname="tests.test_social_monitor" name="test_public_telegram_preview_is_parsed" time="0.005" /><testcase classname="tests.test_social_monitor" name="test_config_contains_53_enabled_sources_without_stale_vitebsk_duplicate" time="0.001" /><testcase classname="tests.test_social_monitor" name="test_undated_sitemap_is_allowed_after_warmup" time="0.273" /><testcase classname="tests.test_social_monitor" name="test_word_ocherednoy_does_not_mean_queue" time="0.107" /><testcase classname="tests.test_social_monitor" name="test_working_hours_word_regime_is_not_political" time="0.178" /><testcase classname="tests.test_social_monitor" name="test_same_generic_title_in_different_places_is_not_deduplicated" time="0.001" /><testcase classname="tests.test_social_monitor" name="test_region_level_event_fingerprint_is_available_without_locality" time="0.018" /><testcase classname="tests.test_social_monitor" name="test_multilingual_product_safety_rewrites_are_one_event_card" time="0.005" /><testcase classname="tests.test_social_monitor" name="test_semantic_event_match_does_not_cross_regions" time="0.000" /><testcase classname="tests.test_social_monitor" name="test_editorial_question_about_id_card_is_excluded" time="0.124" /><testcase classname="tests.test_social_monitor" name="test_neutral_school_bazaar_announcement_is_excluded" time="0.114" /><testcase classname="tests.test_social_monitor" name="test_salary_fraud_crime_story_is_excluded" time="0.160" /><testcase classname="tests.test_social_monitor" name="test_wage_arrears_crime_case_can_still_be_included" time="0.173" /><testcase classname="tests.test_social_monitor" name="test_harvest_praise_is_excluded" time="0.100" /><testcase classname="tests.test_social_monitor" name="test_export_certification_dispute_is_excluded_without_consumer_problem" time="0.122" /><testcase classname="tests.test_social_monitor" name="test_unsafe_bathing_water_is_ecology_not_rural_infrastructure" time="0.183" /><testcase classname="tests.test_social_monitor" name="test_encoded_query_separator_is_repaired" time="0.000" /><testcase classname="tests.test_social_monitor" name="test_naive_belarus_time_is_interpreted_as_minsk" time="0.000" /><testcase classname="tests.test_social_monitor" name="test_internal_regex_is_not_shown_as_subcategory" time="0.153" /><testcase classname="tests.test_social_monitor" name="test_hospital_administration_response_is_detected" time="0.167" /><testcase classname="tests.test_social_monitor" name="test_expired_meat_in_store_is_product_quality" time="0.168" /><testcase classname="tests.test_social_monitor" name="test_weather_forecast_without_actual_damage_is_excluded" time="0.143" /><testcase classname="tests.test_social_monitor" name="test_planned_hot_water_shutdown_is_excluded_without_complaint" time="0.162" /><testcase classname="tests.test_social_monitor" name="test_gai_queue_complaint_is_included_as_administrative_service" time="0.184" /><testcase classname="tests.test_social_monitor" name="test_mould_after_fire_is_classified_as_housing" time="0.176" /><testcase classname="tests.test_social_monitor" name="test_foreign_budget_deficit_story_is_excluded" time="0.103" /><testcase classname="tests.test_social_monitor" name="test_gardening_advice_about_dust_is_excluded" time="0.107" /><testcase classname="tests.test_social_monitor" name="test_municipal_audit_finding_is_included" time="0.199" /><testcase classname="tests.test_social_monitor" name="test_utility_recalculation_explainer_is_excluded" time="0.150" /><testcase classname="tests.test_social_monitor" name="test_foreign_california_lifestyle_story_is_excluded" time="0.117" /><testcase classname="tests.test_social_monitor" name="test_routine_gai_enforcement_operation_is_excluded" time="0.172" /><testcase classname="tests.test_social_monitor" name="test_search_and_rescue_story_about_lost_pensioner_is_excluded" time="0.173" /><testcase classname="tests.test_social_monitor" name="test_word_pensioner_alone_is_not_social_protection_category" time="0.099" /><testcase classname="tests.test_social_monitor" name="test_real_pension_payment_complaint_remains_included" time="0.200" /><testcase classname="tests.test_social_monitor" name="test_cybercrime_police_interview_is_excluded_even_when_marker_is_later" time="0.120" /><testcase classname="tests.test_social_monitor" name="test_word_valuables_does_not_mean_prices" time="0.105" /><testcase classname="tests.test_social_monitor" name="test_doctor_heat_advice_is_excluded" time="0.192" /><testcase classname="tests.test_social_monitor" name="test_first_of_all_phrase_does_not_mean_a_queue" time="0.096" /><testcase classname="tests.test_social_monitor" name="test_official_finding_of_mouldy_expired_products_remains_included" time="0.233" /><testcase classname="tests.test_social_monitor" name="test_zerkalo_bank_commission_complaint_is_included" time="0.165" /><testcase classname="tests.test_social_monitor" name="test_zerkalo_beltelecom_service_complaint_is_included" time="0.154" /><testcase classname="tests.test_social_monitor" name="test_zerkalo_tree_landscaping_complaint_is_included" time="0.164" /><testcase classname="tests.test_social_monitor" name="test_zerkalo_station_storage_complaint_is_included" time="0.159" /><testcase classname="tests.test_social_monitor" name="test_zerkalo_routine_tax_warning_is_excluded" time="0.133" /><testcase classname="tests.test_social_monitor" name="test_zerkalo_border_queue_digest_is_excluded" time="0.149" /><testcase classname="tests.test_social_monitor" name="test_zerkalo_news_subdomain_matches_apex_domain" time="0.000" /><testcase classname="tests.test_social_monitor" name="test_plain_storm_damage_is_excluded" time="0.149" /><testcase classname="tests.test_social_monitor" name="test_weather_damage_with_active_emergency_response_is_excluded" time="0.100" /><testcase classname="tests.test_social_monitor" name="test_drainage_failed_during_extreme_rain_without_complaint_is_excluded" time="0.161" /><testcase classname="tests.test_social_monitor" name="test_residents_complain_services_ignore_storm_damage_is_included" time="0.177" /><testcase classname="tests.test_social_monitor" name="test_prolonged_power_restoration_after_storm_is_included" time="0.163" /><testcase classname="tests.test_social_monitor" name="test_no_drinking_water_delivery_after_flood_is_included" time="0.163" /><testcase classname="tests.test_social_monitor" name="test_residents_clear_damage_instead_of_services_is_included" time="0.169" /><testcase classname="tests.test_social_monitor" name="test_zerkalo_citizen_opened_storm_drain_is_included" time="0.168" /><testcase classname="tests.test_social_monitor" name="test_failure_to_search_for_missing_people_is_included" time="0.172" /><testcase classname="tests.test_social_monitor" name="test_successful_search_after_storm_is_excluded" time="0.094" /><testcase classname="tests.test_social_monitor" name="test_epasluga_neutral_explainer_is_excluded" time="0.170" /><testcase classname="tests.test_social_monitor" name="test_household_advice_about_sweat_smell_is_excluded" time="0.105" /><testcase classname="tests.test_social_monitor" name="test_neutral_question_title_with_direct_resident_complaint_is_included" time="0.224" /><testcase classname="tests.test_social_monitor" name="test_august_downpour_with_only_damage_is_excluded_even_with_emoji_title" time="0.175" /><testcase classname="tests.test_social_monitor" name="test_red_cross_school_campaign_is_excluded" time="0.113" /><testcase classname="tests.test_social_monitor" name="test_socially_dangerous_situation_phrase_is_not_a_problem_signal" time="0.122" /><testcase classname="tests.test_social_monitor" name="test_support_campaign_with_service_failure_complaint_remains_included" time="0.185" /><testcase classname="tests.test_social_monitor" name="test_routine_utility_notice_with_exact_dates_is_excluded" time="0.183" /><testcase classname="tests.test_social_monitor" name="test_drowning_accident_is_excluded" time="0.164" /><testcase classname="tests.test_social_monitor" name="test_foreign_health_research_is_excluded" time="0.126" /><testcase classname="tests.test_social_monitor" name="test_currency_and_crypto_forecast_is_excluded" time="0.168" /><testcase classname="tests.test_social_monitor" name="test_store_manager_profile_is_excluded" time="0.162" /><testcase classname="tests.test_social_monitor" name="test_festival_safety_complaint_is_quality_of_service_not_street_lighting" time="0.255" /><testcase classname="tests.test_social_monitor" name="test_same_transport_event_from_two_media_is_consolidated_with_resonance_links" time="0.004" /><testcase classname="tests.test_social_monitor" name="test_two_similar_transport_complaints_in_different_cities_are_not_merged" time="0.000" /><testcase classname="tests.test_social_monitor" name="test_neutral_veterinary_regulatory_reform_is_excluded" time="0.183" /><testcase classname="tests.test_social_monitor" name="test_foreign_accident_linked_only_to_belarusian_tourists_is_excluded" time="0.109" /><testcase classname="tests.test_social_monitor" name="test_single_traffic_violation_is_excluded" time="0.182" /><testcase classname="tests.test_social_monitor" name="test_systemic_road_safety_complaint_is_kept" time="0.189" /><testcase classname="tests.test_social_monitor" name="test_neutral_new_transport_service_is_excluded" time="0.100" /><testcase classname="tests.test_social_monitor" name="test_new_chief_physician_appointment_is_excluded" time="0.113" /><testcase classname="tests.test_social_monitor" name="test_tourism_popularity_ranking_is_excluded" time="0.118" /><testcase classname="tests.test_social_monitor" name="test_drying_local_river_is_classified_as_ecology" time="0.206" /><testcase classname="tests.test_social_monitor" name="test_same_water_outage_keeps_priority_a_source_and_compact_resonance" time="0.004" /><testcase classname="tests.test_social_monitor" name="test_neutral_maintenance_smell_notice_is_excluded" time="0.179" /><testcase classname="tests.test_social_monitor" name="test_preventive_cardiology_interview_is_excluded" time="0.180" /><testcase classname="tests.test_social_monitor" name="test_estonian_employment_story_is_excluded_as_foreign" time="0.121" /><testcase classname="tests.test_social_monitor" name="test_positive_new_bridge_feature_is_excluded" time="0.170" /><testcase classname="tests.test_social_monitor" name="test_routine_restaurant_fire_report_is_excluded" time="0.161" /><testcase classname="tests.test_social_monitor" name="test_military_training_ground_construction_is_excluded" time="0.054" /><testcase classname="tests.test_social_monitor" name="test_foreign_danube_mine_story_is_excluded" time="0.064" /><testcase classname="tests.test_social_monitor" name="test_forest_fire_with_working_emergency_response_is_excluded" time="0.159" /><testcase classname="tests.test_social_monitor" name="test_neutral_property_auction_is_excluded" time="0.177" /><testcase classname="tests.test_social_monitor" name="test_unpaid_internship_and_workplace_toilet_complaint_is_work_category" time="0.184" /><testcase classname="tests.test_social_monitor" name="test_rusty_tap_water_is_classified_as_housing_utility" time="0.179" /><testcase classname="tests.test_social_monitor" name="test_missing_bins_on_public_alley_is_classified_as_beautification" time="0.187" /><testcase classname="tests.test_social_monitor" name="test_mobile_operator_unexplained_charge_is_included" time="0.177" /><testcase classname="tests.test_social_monitor" name="test_mobile_operator_imposed_service_is_included" time="0.204" /><testcase classname="tests.test_social_monitor" name="test_bad_mobile_connection_is_included" time="0.194" /><testcase classname="tests.test_social_monitor" name="test_low_mobile_internet_speed_is_included" time="0.198" /><testcase classname="tests.test_social_monitor" name="test_home_internet_outage_is_included" time="0.167" /><testcase classname="tests.test_social_monitor" name="test_paid_iptv_channels_unavailable_is_included" time="0.174" /><testcase classname="tests.test_social_monitor" name="test_collective_tv_antenna_failure_is_included" time="0.205" /><testcase classname="tests.test_social_monitor" name="test_clinic_no_appointments_is_included" time="0.180" /><testcase classname="tests.test_social_monitor" name="test_clinic_electronic_booking_failure_is_included" time="0.179" /><testcase classname="tests.test_social_monitor" name="test_new_mobile_tariff_without_complaint_is_excluded" time="0.092" /><testcase classname="tests.test_social_monitor" name="test_new_tv_channel_without_complaint_is_excluded" time="0.113" /><testcase classname="tests.test_social_monitor" name="test_planned_mobile_network_maintenance_is_excluded" time="0.110" /><testcase classname="tests.test_social_monitor" name="test_expanded_mobile_coverage_without_problem_is_excluded" time="0.113" /><testcase classname="tests.test_social_monitor" name="test_general_internet_commentary_is_excluded" time="0.103" /><testcase classname="tests.test_social_monitor" name="test_smartphone_review_is_excluded" time="0.116" /><testcase classname="tests.test_social_monitor" name="test_tv_program_content_criticism_without_service_problem_is_excluded" time="0.109" /><testcase classname="tests.test_social_monitor" name="test_neutral_clinic_schedule_is_excluded" time="0.107" /><testcase classname="tests.test_social_monitor" name="test_phrase_v_svoyu_ochered_does_not_mean_queue" time="0.117" /><testcase classname="tests.test_social_monitor" name="test_mts_unlimited_5g_promo_is_excluded" time="0.119" /><testcase classname="tests.test_social_monitor" name="test_gai_internet_monitoring_is_not_telecom_category" time="0.204" /><testcase classname="tests.test_social_monitor" name="test_phishing_site_warning_is_excluded_as_crime" time="0.160" /><testcase classname="tests.test_social_monitor" name="test_british_fire_without_belarus_context_is_excluded" time="0.122" /><testcase classname="tests.test_social_monitor" name="test_belarusian_recruitment_for_foreign_war_is_included" time="0.205" /><testcase classname="tests.test_social_monitor" name="test_foreign_recruitment_without_belarus_context_is_excluded" time="0.092" /><testcase classname="tests.test_social_monitor" name="test_belarusian_dog_law_public_reaction_is_included" time="0.203" /><testcase classname="tests.test_social_monitor" name="test_positive_or_mixed_reaction_to_belarusian_draft_law_is_included" time="0.178" /><testcase classname="tests.test_social_monitor" name="test_neutral_belarusian_law_announcement_without_public_reaction_is_excluded" time="0.091" /><testcase classname="tests.test_social_monitor" name="test_discussion_of_foreign_law_is_not_treated_as_belarusian_regulation" time="0.113" /><testcase classname="tests.test_social_monitor" name="test_free_nanny_explainer_is_excluded" time="0.120" /><testcase classname="tests.test_social_monitor" name="test_historical_shopping_tours_story_is_excluded" time="0.162" /><testcase classname="tests.test_social_monitor" name="test_belarusian_foreign_property_purchase_story_is_excluded" time="0.105" /><testcase classname="tests.test_social_monitor" name="test_future_school_goods_monitoring_announcement_is_excluded" time="0.125" /><testcase classname="tests.test_social_monitor" name="test_private_apartment_gift_dispute_is_excluded" time="0.127" /><testcase classname="tests.test_social_monitor" name="test_children_passports_border_story_is_regulatory_rights" time="0.229" /><testcase classname="tests.test_social_monitor" name="test_plaster_falling_after_capital_repairs_is_housing" time="0.191" /><testcase classname="tests.test_social_monitor" name="test_hotel_condition_complaints_are_service_quality" time="0.184" /><testcase classname="tests.test_social_monitor" name="test_public_consultation_without_information_is_regulatory" time="0.194" /><testcase classname="tests.test_social_monitor" name="test_same_event_from_two_sources_is_one_card_with_resonance" time="0.004" /><testcase classname="tests.test_social_monitor" name="test_deduplicate_candidates_preserves_all_discovery_channels" time="0.000" /><testcase classname="tests.test_social_monitor" name="test_balanced_selection_prevents_feed_from_suppressing_other_channels" time="0.014" /><testcase classname="tests.test_social_monitor" name="test_collect_source_candidates_always_collects_all_website_channels" time="0.276" /><testcase classname="tests.test_social_monitor" name="test_restored_belaes_unit_without_outage_is_excluded" time="0.130" /><testcase classname="tests.test_social_monitor" name="test_actual_power_outage_complaint_is_not_suppressed_by_restoration_rule" time="0.213" /><testcase classname="tests.test_social_monitor" name="test_foreign_motorcycle_trip_to_pamir_is_excluded" time="0.114" /><testcase classname="tests.test_social_monitor" name="test_neutral_pension_rules_explainer_is_excluded" time="0.193" /><testcase classname="tests.test_social_monitor" name="test_public_reaction_to_pension_law_change_is_kept" time="0.200" /><testcase classname="tests.test_social_monitor" name="test_neutral_bridge_construction_progress_is_excluded" time="0.158" /><testcase classname="tests.test_social_monitor" name="test_delayed_bridge_construction_complaint_is_kept" time="0.206" /><testcase classname="tests.test_social_monitor" name="test_urban_greenery_discussion_is_categorized_as_beautification" time="0.202" /><testcase classname="tests.test_social_monitor" name="test_hotel_complaint_still_uses_quality_category" time="0.186" /><testcase classname="tests.test_social_monitor" name="test_jkh_access_dispute_is_categorized_as_housing" time="0.192" /><testcase classname="tests.test_social_monitor" name="test_worker_housing_complaint_is_categorized_as_housing" time="0.187" /><testcase classname="tests.test_social_monitor" name="test_source_coverage_contains_collection_limit_telemetry" time="0.000" /><testcase classname="tests.test_social_monitor" name="test_foreign_motorcycle_trip_with_breakdown_is_still_excluded" time="0.166" /><testcase classname="tests.test_social_monitor" name="test_neutral_biohacking_forum_announcement_is_excluded" time="0.162" /><testcase classname="tests.test_social_monitor" name="test_foreign_moldova_water_crisis_without_belarus_impact_is_excluded" time="0.116" /><testcase classname="tests.test_social_monitor" name="test_neutral_hotline_announcement_is_excluded" time="0.149" /><testcase classname="tests.test_social_monitor" name="test_actual_complaints_reported_during_hotline_are_kept" time="0.178" /><testcase classname="tests.test_social_monitor" name="test_neutral_watermelon_market_overview_is_excluded" time="0.094" /><testcase classname="tests.test_social_monitor" name="test_neutral_family_budget_profile_is_excluded" time="0.172" /><testcase classname="tests.test_social_monitor" name="test_neutral_sleep_health_advice_is_excluded" time="0.149" /><testcase classname="tests.test_social_monitor" name="test_neutral_gardening_advice_is_excluded" time="0.155" /><testcase classname="tests.test_social_monitor" name="test_street_lighting_problem_remains_included" time="0.172" /><testcase classname="tests.test_social_monitor" name="test_park_mowing_and_cleaning_complaint_is_included" time="0.156" /><testcase classname="tests.test_social_monitor" name="test_neutral_park_mowing_report_is_excluded" time="0.090" /><testcase classname="tests.test_social_monitor" name="test_cemetery_maintenance_complaint_is_beautification" time="0.178" /><testcase classname="tests.test_social_monitor" name="test_war_memorial_neglect_complaint_is_included" time="0.159" /><testcase classname="tests.test_social_monitor" name="test_neutral_war_memorial_restoration_is_excluded" time="0.092" /><testcase classname="tests.test_social_monitor" name="test_river_pollution_complaint_is_ecology" time="0.203" /><testcase classname="tests.test_social_monitor" name="test_lake_pollution_finding_is_ecology" time="0.189" /><testcase classname="tests.test_social_monitor" name="test_illegal_shore_fence_is_land_and_water_access" time="0.178" /><testcase classname="tests.test_social_monitor" name="test_neutral_legal_shore_improvement_is_excluded" time="0.091" /><testcase classname="tests.test_social_monitor" name="test_belarusian_cemetery_and_memorial_complaint_is_included" time="0.210" /><testcase classname="tests.test_social_monitor" name="test_hrodna_animal_volunteer_water_problem_remains_included" time="0.205" /><testcase classname="tests.test_social_monitor" name="test_mozyr_regional_profit_analysis_is_excluded_as_macroeconomics" time="0.190" /><testcase classname="tests.test_social_monitor" name="test_full_pamir_travelogue_excerpt_is_excluded_despite_word_problems" time="0.213" /><testcase classname="tests.test_social_monitor" name="test_domestic_business_losses_are_not_suppressed_only_by_political_name" time="0.192" /><testcase classname="tests.test_social_monitor" name="test_source_candidate_limit_uses_name_override" time="0.001" /><testcase classname="tests.test_social_monitor" name="test_source_candidate_limit_keeps_default_for_small_source" time="0.001" /><testcase classname="tests.test_social_monitor" name="test_candidate_processing_capacity_is_raised_by_one_thousand_and_reserves_growth" time="0.001" /><testcase classname="tests.test_social_monitor" name="test_browser_headers_are_used_for_protected_candidate_domains" time="0.000" /><testcase classname="tests.test_social_monitor" name="test_telegram_title_skips_service_only_lines" time="0.001" /><testcase classname="tests.test_social_monitor" name="test_telegram_linked_site_prefers_original_article_url" time="0.001" /><testcase classname="tests.test_social_monitor" name="test_belsat_adapter_uses_meta_description_when_body_is_short" time="0.005" /><testcase classname="tests.test_social_monitor" name="test_charter97_profile_uses_only_verified_direct_feeds_without_probe" time="0.000" /><testcase classname="tests.test_social_monitor" name="test_profiled_article_url_shapes_reject_service_pages" time="0.000" /><testcase classname="tests.test_social_monitor" name="test_pozirk_collection_uses_curated_listing_and_skips_generic_homepage" time="0.006" /><testcase classname="tests.test_social_monitor" name="test_belsat_profile_has_verified_direct_endpoints" time="0.000" /><testcase classname="tests.test_social_monitor" name="test_belsat_embedded_next_json_article_body_is_extracted" time="0.003" /><testcase classname="tests.test_social_monitor" name="test_belsat_prefers_long_article_container_over_short_teaser" time="0.004" /><testcase classname="tests.test_social_monitor" name="test_charter97_article_uses_mirror_when_official_is_blocked" time="0.004" /><testcase classname="tests.test_social_monitor" name="test_pozirk_preclean_container_survives_height_for_sidebar_class" time="0.002" /><testcase classname="tests.test_social_monitor" name="test_belsat_short_static_html_uses_rendered_fallback" time="0.008" /><testcase classname="tests.test_social_monitor" name="test_belsat_does_not_render_when_static_body_is_already_full" time="0.005" /><testcase classname="tests.test_social_monitor" name="test_architecture_core1_registry_contains_strategic_protected_sources" time="0.000" /><testcase classname="tests.test_social_monitor" name="test_architecture_core1_url_classification_distinguishes_shapes" time="0.000" /><testcase classname="tests.test_social_monitor" name="test_architecture_core1_profile_rule_promotes_known_article_shape" time="0.000" /><testcase classname="tests.test_social_monitor" name="test_architecture_core1_metadata_prefilter_is_non_destructive" time="0.060" /><testcase classname="tests.test_social_monitor" name="test_architecture_core1_listing_and_telegram_channels_have_own_telemetry" time="0.001" /><testcase classname="tests.test_social_monitor" name="test_architecture_core1_extraction_cascade_prefers_source_specific" time="0.002" /><testcase classname="tests.test_social_monitor" name="test_architecture_core1_embedded_json_is_traced_for_belsat" time="0.002" /><testcase classname="tests.test_social_monitor" name="test_architecture_core1_metadata_fallback_is_explicit_in_trace" time="0.002" /><testcase classname="tests.test_social_monitor" name="test_architecture_core1_process_candidate_detailed_keeps_editorial_result" time="0.262" /><testcase classname="tests.test_social_monitor" name="test_result_integrity_rejection_reason_is_exposed_in_trace" time="0.217" /><testcase classname="tests.test_social_monitor" name="test_architecture_core1_source_processing_metrics_aggregate_stages" time="0.000" /><testcase classname="tests.test_social_monitor" name="test_architecture_core1_source_coverage_exposes_profiles_and_processing_stages" time="0.000" /><testcase classname="tests.test_social_monitor" name="test_architecture_core2_http_failure_classes_are_differentiated" time="0.000" /><testcase classname="tests.test_social_monitor" name="test_architecture_core2_permanent_http_is_not_retried" time="0.001" /><testcase classname="tests.test_social_monitor" name="test_architecture_core2_endpoint_circuit_breaker_and_tail_probe" time="0.001" /><testcase classname="tests.test_social_monitor" name="test_architecture_core2_endpoint_history_detects_sharp_candidate_drop" time="0.000" /><testcase classname="tests.test_social_monitor" name="test_architecture_core2_telegram_profile_matches_actual_transport" time="0.000" /><testcase classname="tests.test_social_monitor" name="test_architecture_core2_metadata_only_cannot_enter_report" time="0.038" /><testcase classname="tests.test_social_monitor" name="test_architecture_core2_successful_retry_is_marked_recovered" time="0.292" /><testcase classname="tests.test_social_monitor" name="test_architecture_core2_degraded_queue_retries_on_schedule" time="0.001" /><testcase classname="tests.test_social_monitor" name="test_architecture_core2_degraded_queue_is_bounded" time="0.000" /><testcase classname="tests.test_social_monitor" name="test_architecture_core2_transport_circuit_skips_expensive_retry" time="0.001" /><testcase classname="tests.test_social_monitor" name="test_architecture_core2_processing_metrics_expose_recovery_stages" time="0.000" /><testcase classname="tests.test_social_monitor" name="test_architecture_core2_source_coverage_exposes_recovery_health" time="0.000" /><testcase classname="tests.test_social_monitor" name="test_architecture_core2_ordinary_source_transport_is_never_circuit_skipped" time="0.000" /><testcase classname="tests.test_social_monitor" name="test_architecture_core2_belsat_can_recover_directly_with_chromium" time="0.003" /><testcase classname="tests.test_social_monitor" name="test_architecture_core3_event_geography_is_article_based_not_source_based" time="0.304" /><testcase classname="tests.test_social_monitor" name="test_architecture_core3_never_falls_back_to_source_locality" time="0.001" /><testcase classname="tests.test_social_monitor" name="test_architecture_core3_ambiguous_localities_are_not_collapsed" time="0.000" /><testcase classname="tests.test_social_monitor" name="test_architecture_core3_builds_conservative_event_signature" time="0.003" /><testcase classname="tests.test_social_monitor" name="test_architecture_core3_signature_requires_problem_not_just_place_and_object" time="0.001" /><testcase classname="tests.test_social_monitor" name="test_architecture_core3_current_cross_source_results_get_event_echo" time="0.001" /><testcase classname="tests.test_social_monitor" name="test_architecture_core3_same_source_is_not_event_echo" time="0.000" /><testcase classname="tests.test_social_monitor" name="test_architecture_core3_event_echo_respects_time_window" time="0.000" /><testcase classname="tests.test_social_monitor" name="test_architecture_core3_degraded_echo_gets_recovery_priority" time="0.000" /><testcase classname="tests.test_social_monitor" name="test_architecture_core3_degraded_echo_can_use_persisted_seed" time="0.000" /><testcase classname="tests.test_social_monitor" name="test_architecture_core3_event_echo_accelerates_degraded_retry" time="0.000" /><testcase classname="tests.test_social_monitor" name="test_architecture_core3_processing_metrics_track_geo_and_echo" time="0.000" /><testcase classname="tests.test_social_monitor" name="test_architecture_core3_source_coverage_exposes_resolved_event_geography" time="0.000" /><testcase classname="tests.test_social_monitor" name="test_architecture_core3_article_csv_contains_event_echo_fields" time="0.001" /><testcase classname="tests.test_social_monitor" name="test_html_hides_key_signals_while_csv_preserves_subcategory" time="0.001" /><testcase classname="tests.test_social_monitor" name="test_architecture_core3_national_headline_does_not_inherit_example_locality" time="0.001" /><testcase classname="tests.test_social_monitor" name="test_architecture_core3_parking_is_not_collapsed_into_road_object" time="0.001" /><testcase classname="tests.test_social_monitor" name="test_architecture_core3_specific_station_storage_object_beats_generic_transport" time="0.001" /><testcase classname="tests.test_social_monitor" name="test_architecture_core31_expensive_mushrooms_are_not_a_road_object" time="0.002" /><testcase classname="tests.test_social_monitor" name="test_architecture_core31_housing_waiting_status_is_not_queue_delay" time="0.002" /><testcase classname="tests.test_social_monitor" name="test_architecture_core31_construction_phase_is_not_queue_delay" time="0.002" /><testcase classname="tests.test_social_monitor" name="test_architecture_core31_amusement_park_social_text_is_not_damage" time="0.002" /><testcase classname="tests.test_social_monitor" name="test_architecture_core31_real_road_pits_still_make_damage_signature" time="0.001" /><testcase classname="tests.test_social_monitor" name="test_architecture_core311_erased_road_marking_makes_damage_signature" time="0.002" /><testcase classname="tests.test_social_monitor" name="test_architecture_core32a_http_observation_records_cost_without_retry_change" time="0.000" /><testcase classname="tests.test_social_monitor" name="test_architecture_core32a_clipped_pool_is_measured_but_not_admitted" time="0.068" /><testcase classname="tests.test_social_monitor" name="test_architecture_core32a_processing_costs_aggregate_by_source" time="0.000" /><testcase classname="tests.test_social_monitor" name="test_architecture_core32a_coverage_classifies_extraction_blindness" time="0.000" /><testcase classname="tests.test_social_monitor" name="test_architecture_core32a_access_csv_contains_failure_url_and_run_timing" time="0.001" /><testcase classname="tests.test_social_monitor" name="test_architecture_core32a_dry_run_writes_telemetry_without_persisting_state" time="0.004" /><testcase classname="tests.test_social_monitor" name="test_architecture_core32a1_website_collects_configured_telegram_fallback" time="0.005" /><testcase classname="tests.test_social_monitor" name="test_architecture_core32a1_fallback_keeps_website_source_identity" time="0.000" /><testcase classname="tests.test_social_monitor" name="test_architecture_core32a1_transport_failure_precedes_extraction_status" time="0.000" /><testcase classname="tests.test_social_monitor" name="test_architecture_core32a1_access_admission_and_partial_loss_are_separate" time="0.000" /><testcase classname="tests.test_social_monitor" name="test_architecture_core32a2_zerkalo_uses_only_official_feed_lead_fallback" time="0.001" /><testcase classname="tests.test_social_monitor" name="test_architecture_core32a2_vgr_empty_shell_uses_amp_fallback" time="0.007" /><testcase classname="tests.test_social_monitor" name="test_architecture_core32a2_vgr_full_primary_page_does_not_call_amp" time="0.006" /><testcase classname="tests.test_social_monitor" name="test_architecture_core32a2_hrodna_exact_container_excludes_sidebar" time="0.002" /><testcase classname="tests.test_social_monitor" name="test_architecture_core32a2_masheka_full_text_supports_div_only_archive" time="0.001" /><testcase classname="tests.test_social_monitor" name="test_architecture_core32a2_bobr_advertisements_are_structurally_filtered" time="0.001" /><testcase classname="tests.test_social_monitor" name="test_architecture_core32a21_bobr_url_guard_accepts_only_newsroom_ids" time="0.000" /><testcase classname="tests.test_social_monitor" name="test_architecture_core32a21_allowlist_guard_is_bobr_only" time="0.001" /><testcase classname="tests.test_social_monitor" name="test_architecture_core32a22_nasha_niva_comments_guard_covers_all_locales" time="0.001" /><testcase classname="tests.test_social_monitor" name="test_architecture_core32a22_nasha_niva_report29_comments_are_all_blocked" time="0.000" /><testcase classname="tests.test_social_monitor" name="test_architecture_core32a22_homepage_pair_admits_neither_root_article_nor_comments" time="0.003" /><testcase classname="tests.test_social_monitor" name="test_architecture_core32a22_comments_guard_keeps_telegram_inline_fallback" time="0.004" /><testcase classname="tests.test_social_monitor" name="test_architecture_core32a22_comments_guard_is_nasha_niva_only" time="0.000" /><testcase classname="tests.test_social_monitor" name="test_architecture_core32b_admission_tiers_are_structural_and_date_aware" time="0.001" /><testcase classname="tests.test_social_monitor" name="test_architecture_core32b_report30_nasha_niva_keeps_telegram_plus_soft_tail" time="0.389" /><testcase classname="tests.test_social_monitor" name="test_architecture_core32b_soft_tail_never_displaces_a_full_fresh_budget" time="0.052" /><testcase classname="tests.test_social_monitor" name="test_architecture_core32b_sitemap_only_source_keeps_existing_capacity" time="0.039" /><testcase classname="tests.test_social_monitor" name="test_architecture_core32b_deduplicates_one_clear_telegram_site_pair" time="0.001" /><testcase classname="tests.test_social_monitor" name="test_architecture_core32b_counts_exact_linked_telegram_site_duplicate" time="0.000" /><testcase classname="tests.test_social_monitor" name="test_architecture_core32b_ambiguous_telegram_match_is_preserved" time="0.001" /><testcase classname="tests.test_social_monitor" name="test_architecture_core32b_soft_only_clipping_is_not_reported_as_blind_zone" time="0.000" /><testcase classname="tests.test_social_monitor" name="test_architecture_core32b1_onliner_marketplace_routes_are_soft_not_blocked" time="0.001" /><testcase classname="tests.test_social_monitor" name="test_architecture_core32b1_onliner_editorial_routes_keep_their_tiers" time="0.000" /><testcase classname="tests.test_social_monitor" name="test_architecture_core32b1_onliner_soft_routes_do_not_displace_editorial_budget" time="0.104" /><testcase classname="tests.test_social_monitor" name="test_architecture_core32b1_prefilter_runs_only_for_soft_sort_keys" time="0.000" /><testcase classname="tests.test_social_monitor" name="test_architecture_core32b11_onliner_redirect_and_moto_hosts_are_soft" time="0.000" /><testcase classname="tests.test_social_monitor" name="test_architecture_core32b11_onliner_editorial_hosts_remain_current" time="0.000" /><testcase classname="tests.test_social_monitor" name="test_architecture_core32b11_onliner_completed_routes_do_not_use_trusted_budget" time="0.065" /><testcase classname="tests.test_social_monitor" name="test_architecture_core32b11_route_rule_is_limited_to_onliner_source" time="0.000" /><testcase classname="tests.test_social_monitor" name="test_update40_baseline_editorial_noise_is_excluded_by_genre" time="2.674" /><testcase classname="tests.test_social_monitor" name="test_update40_real_public_problems_from_same_sections_remain_included" time="0.873" /><testcase classname="tests.test_social_monitor" name="test_update40r1_report37_editorial_noise_is_excluded" time="1.509" /><testcase classname="tests.test_social_monitor" name="test_update40r1_complaint_about_denied_family_capital_remains_included" time="0.183" /><testcase classname="tests.test_social_monitor" name="test_update40_tracking_tg_parameter_is_a_technical_duplicate" time="0.000" /><testcase classname="tests.test_social_monitor" name="test_update40_priority_tier_wins_primary_source_before_score" time="0.003" /><testcase classname="tests.test_social_monitor" name="test_update40_same_source_rewrite_is_silently_consolidated" time="0.001" /><testcase classname="tests.test_social_monitor" name="test_update40_same_source_later_development_remains_separate" time="0.001" /><testcase classname="tests.test_social_monitor" name="test_update40_later_development_remains_a_separate_card" time="0.001" /><testcase classname="tests.test_social_monitor" name="test_update40_news_and_analysis_never_merge_even_with_immediate_overlap" time="0.001" /><testcase classname="tests.test_social_monitor" name="test_update40_news_and_development_never_merge_within_six_hours" time="0.001" /><testcase classname="tests.test_social_monitor" name="test_update40_two_reports_of_same_development_can_consolidate" time="0.001" /><testcase classname="tests.test_social_monitor" name="test_update40_same_coarse_signature_different_addresses_stay_separate" time="0.001" /><testcase classname="tests.test_social_monitor" name="test_update40_materially_different_numeric_facts_stay_separate" time="0.001" /><testcase classname="tests.test_social_monitor" name="test_update40r1_cross_category_rewrites_with_shared_event_passage_consolidate" time="0.001" /><testcase classname="tests.test_social_monitor" name="test_update40_html_and_csv_show_compact_resonance_links" time="0.002" /><testcase classname="tests.test_social_monitor" name="test_update40_partial_smtp_refusal_is_masked_and_recorded" time="0.010" /><testcase classname="tests.test_social_monitor" name="test_update40_all_smtp_recipients_accepted" time="0.002" /><testcase classname="tests.test_social_monitor" name="test_core33_lower_priority_protected_title_outranks_generic_a_source" time="0.002" /><testcase classname="tests.test_social_monitor" name="test_core33_source_priority_wins_inside_same_tier" time="0.001" /><testcase classname="tests.test_social_monitor" name="test_core33_fresh_candidate_always_outranks_stale_soft_candidate" time="0.001" /><testcase classname="tests.test_social_monitor" name="test_core33_integrity_flags_are_diagnostic_and_do_not_drop_candidate" time="0.002" /><testcase classname="tests.test_social_monitor" name="test_core33_channel_soft_scan_prefers_relevant_headline_from_tail" time="0.002" /><testcase classname="tests.test_social_monitor" name="test_core33_source_limit_is_soft_only_for_protected_headlines" time="0.009" /><testcase classname="tests.test_social_monitor" name="test_core33_soft_source_ceiling_remains_bounded" time="0.012" /><testcase classname="tests.test_social_monitor" name="test_core33_default_soft_overflow_is_quarter_with_safety_cap" time="0.001" /><testcase classname="tests.test_social_monitor" name="test_core33_ranking_is_deterministic_for_reversed_input" time="0.004" /><testcase classname="tests.test_social_monitor" name="test_core33_fast_prefilter_matches_existing_metadata_states" time="0.057" /><testcase classname="tests.test_social_monitor" name="test_core33r_onliner_marketplace_routes_are_service_pages" time="0.000" /><testcase classname="tests.test_social_monitor" name="test_core33r_onliner_forum_routes_are_service_pages" time="0.000" /><testcase classname="tests.test_social_monitor" name="test_core33r_slutsk_classified_ad_is_a_service_page" time="0.000" /><testcase classname="tests.test_social_monitor" name="test_core33r_onliner_newsroom_story_remains_eligible" time="0.001" /><testcase classname="tests.test_source_access_diagnostic.SourceAccessDiagnosticTests" name="test_endpoint_document_urls_reads_xml_links_without_classifying_them" time="0.001" /><testcase classname="tests.test_source_access_diagnostic.SourceAccessDiagnosticTests" name="test_endpoint_urls_are_unique_and_include_feed_and_sitemap" time="0.000" /><testcase classname="tests.test_source_access_diagnostic.SourceAccessDiagnosticTests" name="test_fetch_retries_a_transient_network_reset_once" time="0.002" /><testcase classname="tests.test_source_access_diagnostic.SourceAccessDiagnosticTests" name="test_newest_listing_date_accepts_two_common_formats" time="0.002" /><testcase classname="tests.test_source_access_diagnostic.SourceAccessDiagnosticTests" name="test_same_site_listing_urls_only_collects_links_without_article_heuristics" time="0.000" /><testcase classname="tests.test_source_access_diagnostic.SourceAccessDiagnosticTests" name="test_same_site_matching_ignores_a_default_port" time="0.000" /><testcase classname="tests.test_source_access_diagnostic.SourceAccessDiagnosticTests" name="test_sitemap_index_uses_one_same_site_child_layer_only" time="0.000" /><testcase classname="tests.test_source_access_diagnostic.ProductionIntegrationTests" name="test_body_level_noise_class_does_not_wipe_extraction" time="0.000" /><testcase classname="tests.test_source_access_diagnostic.ProductionIntegrationTests" name="test_diagnostic_probes_only_production_classified_links" time="0.000" /><testcase classname="tests.test_source_access_diagnostic.ProductionIntegrationTests" name="test_numeric_day_month_year_url_date_is_recognized" time="0.000" /><testcase classname="tests.test_source_access_diagnostic.ProductionIntegrationTests" name="test_profiles_reject_sections_channels_and_static_pages" time="0.001" /><testcase classname="tests.test_source_access_diagnostic.ProductionIntegrationTests" name="test_pvestnik_article_body_is_read_before_sidebar_noise_cleanup" time="0.003" /><testcase classname="tests.test_source_access_diagnostic.ProductionIntegrationTests" name="test_pvestnik_profile_rejects_archives_and_keeps_real_articles" time="0.000" /><testcase classname="tests.test_source_access_diagnostic.ProductionIntegrationTests" name="test_real_article_is_recognized_and_extracted" time="0.005" /><testcase classname="tests.test_source_access_diagnostic.ProductionIntegrationTests" name="test_unrecognized_url_is_not_promoted_to_an_article" time="0.000" /><testcase classname="tests.test_source_access_diagnostic.ProductionIntegrationTests" name="test_wordpress_query_profiles_accept_posts_but_not_service_pages" time="0.000" /><testcase classname="tests.test_source_access_diagnostic.ProductionIntegrationTests" name="test_wordpress_sidebar_layout_uses_preclean_selector" time="0.003" /><testcase classname="tests.test_update72_relevance_transport_and_wagons" name="test_update72_rejects_confirmed_report_26_editorial_noise" time="1.448" /><testcase classname="tests.test_update72_relevance_transport_and_wagons" name="test_update72_consolidates_national_platform_wagon_shortage_across_categories" time="0.024" /><testcase classname="tests.test_update72_relevance_transport_and_wagons" name="test_update72_records_safe_transport_failure_detail_and_report_warning" time="0.001" /><testcase classname="tests.test_update73_telemetry_and_retention" name="test_update73_rejects_smart_meter_training_simulation_but_keeps_school_resonance" time="0.368" /><testcase classname="tests.test_update73_telemetry_and_retention" name="test_update73_wagon_shortage_is_relevant_before_seen_url_suppression" time="0.386" /><testcase classname="tests.test_update73_telemetry_and_retention" name="test_update73_marks_material_partial_transport_loss_and_alerts_operator" time="0.000" /><testcase classname="tests.test_update73_telemetry_and_retention" name="test_update73_preserves_terminal_network_errno_in_telemetry_detail" time="0.000" /><testcase classname="tests.test_update74_result_event_integrity" name="test_update74_rejects_confirmed_positive_opening_and_credit_statistic" time="0.290" /><testcase classname="tests.test_update74_result_event_integrity" name="test_update74_consolidates_baranavichy_school_appearance_rule_resonance" time="0.024" /><testcase classname="tests.test_update75_belarusian_translations_batch1" name="test_medical_or_psychology_advice_belarusian" time="0.000" /><testcase classname="tests.test_update75_belarusian_translations_batch1" name="test_lifestyle_advice_or_ranking_belarusian" time="0.000" /><testcase classname="tests.test_update75_belarusian_translations_batch1" name="test_educational_simulation_belarusian" time="0.000" /><testcase classname="tests.test_update75_belarusian_translations_batch1" name="test_positive_local_update_belarusian" time="0.000" /><testcase classname="tests.test_update75_belarusian_translations_batch1" name="test_personal_foreign_profile_belarusian" time="0.000" /><testcase classname="tests.test_update75_belarusian_translations_batch1" name="test_benefit_or_application_explainer_belarusian" time="0.000" /><testcase classname="tests.test_update75_belarusian_translations_batch1" name="test_scheduled_service_notice_belarusian" time="0.000" /><testcase classname="tests.test_update75_belarusian_translations_batch1" name="test_positive_medical_achievement_belarusian" time="0.000" /><testcase classname="tests.test_update75_belarusian_translations_batch1" name="test_neutral_service_launch_belarusian" time="0.000" /><testcase classname="tests.test_update75_belarusian_translations_batch1" name="test_neutral_regulatory_explainer_belarusian" time="0.000" /><testcase classname="tests.test_update75_belarusian_translations_batch1" name="test_original_russian_branches_unchanged" time="0.000" /><testcase classname="tests.test_update75_belarusian_translations_batch3" name="test_protocol_or_personnel_belarusian" time="0.000" /><testcase classname="tests.test_update75_belarusian_translations_batch3" name="test_preventive_service_expansion_belarusian" time="0.000" /><testcase classname="tests.test_update75_belarusian_translations_batch3" name="test_private_document_story_belarusian" time="0.000" /><testcase classname="tests.test_update75_belarusian_translations_batch3" name="test_editorial_meta_or_denial_belarusian" time="0.000" /><testcase classname="tests.test_update75_belarusian_translations_batch3" name="test_aesthetic_or_symbolic_opinion_belarusian" time="0.000" /><testcase classname="tests.test_update75_belarusian_translations_batch3" name="test_instructional_belarusian_new_framing" time="0.000" /><testcase classname="tests.test_update75_belarusian_translations_batch3" name="test_single_incident_new_general_framing_both_languages" time="0.000" /><testcase classname="tests.test_update75_belarusian_translations_batch3" name="test_event_or_figurative_collision_new_general_framing_both_languages" time="0.000" /><testcase classname="tests.test_update75_belarusian_translations_batch3" name="test_original_russian_branches_unchanged_batch3" time="0.000" /><testcase classname="tests.test_update75_bilingual_result_integrity" name="test_aggregate_credit_debt_statistic_rejected_in_russian" time="0.174" /><testcase classname="tests.test_update75_bilingual_result_integrity" name="test_aggregate_credit_debt_statistic_rejected_in_belarusian" time="0.171" /><testcase classname="tests.test_update75_bilingual_result_integrity" name="test_positive_public_infrastructure_opening_rejected_in_belarusian" time="0.114" /><testcase classname="tests.test_update75_bilingual_result_integrity" name="test_waste_object_no_longer_fires_on_bare_sanitary_mention" time="0.027" /><testcase classname="tests.test_update75_bilingual_result_integrity" name="test_waste_object_still_fires_on_genuine_antisanitary_condition" time="0.002" /><testcase classname="tests.test_update75_bilingual_result_integrity" name="test_waste_object_still_fires_on_belarusian_antisanitary_condition" time="0.001" /><testcase classname="tests.test_update75_bilingual_result_integrity" name="test_greenery_object_no_longer_fires_on_travma" time="0.002" /><testcase classname="tests.test_update75_bilingual_result_integrity" name="test_greenery_object_still_fires_on_genuine_mowing_complaint" time="0.001" /><testcase classname="tests.test_update75_bilingual_result_integrity" name="test_work_conditions_no_longer_fires_on_spekulyatsiya" time="0.002" /><testcase classname="tests.test_update75_bilingual_result_integrity" name="test_work_conditions_still_fires_on_genuine_heat_complaint" time="0.002" /><testcase classname="tests.test_update75_bilingual_result_integrity" name="test_greenery_object_no_longer_fires_on_otravilis_real_text" time="0.003" /><testcase classname="tests.test_update75_bilingual_result_integrity" name="test_greenery_object_still_fires_on_prefixed_mowing_forms" time="0.004" /><testcase classname="tests.test_update75_bilingual_result_integrity" name="test_greenery_object_no_longer_fires_on_draft_dodging_slang" time="0.001" /><testcase classname="tests.test_update75_bilingual_result_integrity" name="test_greenery_object_no_longer_fires_on_odereveneli_from_shock" time="0.001" /><testcase classname="tests.test_update75_bilingual_result_integrity" name="test_public_transport_no_longer_fires_on_suspended_license" time="0.001" /><testcase classname="tests.test_update75_bilingual_result_integrity" name="test_public_transport_still_fires_on_genuine_stop_complaint" time="0.001" /><testcase classname="tests.test_update75_bilingual_result_integrity" name="test_pollution_no_longer_fires_on_vostok_istok_listok" time="0.005" /><testcase classname="tests.test_update75_bilingual_result_integrity" name="test_pollution_still_fires_on_drain_and_downspout" time="0.003" /><testcase classname="tests.test_update75_bilingual_result_integrity" name="test_housing_no_longer_fires_on_dvorets_kultury" time="0.001" /><testcase classname="tests.test_update75_bilingual_result_integrity" name="test_housing_still_fires_on_genuine_yard_complaint" time="0.001" /><testcase classname="tests.test_update75_bilingual_result_integrity" name="test_bullying_no_longer_fires_on_otravlenie_real_text" time="0.002" /><testcase classname="tests.test_update75_bilingual_result_integrity" name="test_bullying_still_fires_on_genuine_harassment_reports" time="0.004" /><testcase classname="tests.test_update75_category_bonus_only_flag" name="test_bonus_only_false_for_genuine_keyword_category_win" time="0.201" /><testcase classname="tests.test_update75_category_bonus_only_flag" name="test_bonus_only_true_for_bonus_channel_category_win" time="0.162" /><testcase classname="tests.test_update75_category_bonus_only_flag" name="test_bonus_only_flag_reaches_csv_output" time="0.170" /><testcase classname="tests.test_update75_editorial_exclusions_batch2" name="test_krupets_well_story_excluded_real_text" time="0.192" /><testcase classname="tests.test_update75_editorial_exclusions_batch2" name="test_self_help_pattern_does_not_catch_inaction_complaint" time="0.000" /><testcase classname="tests.test_update75_editorial_exclusions_batch2" name="test_benefit_legislation_update_excluded_real_text" time="0.191" /><testcase classname="tests.test_update75_editorial_exclusions_batch2" name="test_benefit_explainer_still_fires_on_original_three_framings" time="0.000" /><testcase classname="tests.test_update75_raw_history_archive" name="test_archive_step_exists_and_is_gated_like_state_save" time="0.005" /><testcase classname="tests.test_update75_raw_history_archive" name="test_archive_step_runs_before_state_is_saved" time="0.005" /><testcase classname="tests.test_update75_raw_history_archive" name="test_archive_step_copies_articles_rejections_and_semantic_inputs" time="0.005" /><testcase classname="tests.test_update75_raw_history_archive" name="test_save_state_step_now_also_commits_raw_history" time="0.000" /><testcase classname="tests.test_update75_raw_history_archive" name="test_raw_history_readme_documents_silver_not_gold_status" time="0.000" /><testcase classname="tests.test_update75_report34_35_findings" name="test_employment_category_no_longer_fires_on_generic_workers_real_text" time="0.208" /><testcase classname="tests.test_update75_report34_35_findings" name="test_employment_category_still_fires_on_genuine_labor_complaint" time="0.198" /><testcase classname="tests.test_update75_report34_35_findings" name="test_greenery_object_no_longer_fires_on_derevnya_real_text" time="0.025" /><testcase classname="tests.test_update75_report34_35_findings" name="test_greenery_object_no_longer_fires_on_derevnya_declensions" time="0.004" /><testcase classname="tests.test_update75_report34_35_findings" name="test_greenery_object_still_fires_on_genuine_tree_stories" time="0.003" /><testcase classname="tests.test_update75_report34_35_findings" name="test_queue_delay_no_longer_fires_on_detained_a_person_real_text" time="0.003" /><testcase classname="tests.test_update75_report34_35_findings" name="test_queue_delay_no_longer_fires_on_mass_detention" time="0.002" /><testcase classname="tests.test_update75_report34_35_findings" name="test_queue_delay_still_fires_on_genuine_delay_complaints" time="0.003" /><testcase classname="tests.test_update77_semantic_data_contract" name="test_archive_text_is_bounded_and_hashes_full_normalized_input" time="0.001" /><testcase classname="tests.test_update77_semantic_data_contract" name="test_writer_captures_both_regex_routes_but_not_technical_failures" time="0.001" /><testcase classname="tests.test_update77_semantic_data_contract" name="test_semantic_contract_does_not_replace_legacy_rejected_debug" time="0.001" /><testcase classname="tests.test_update77_semantic_data_contract" name="test_build_and_contract_versions_are_explicit" time="0.000" /><testcase classname="tests.test_update78_guarded_grievance_dedup" name="test_confirmed_run41_misses_are_guardedly_admitted[\u0416\u041a\u0425 \u0438 \u0441\u043e\u0441\u0442\u043e\u044f\u043d\u0438\u0435 \u0436\u0438\u043b\u044c\u044f-\u041f\u043e\u0447\u0435\u043c\u0443 \u0432 \u043f\u043e\u0434\u0432\u0430\u043b\u0435 \u0434\u043e\u043c\u0430 \u043f\u043e \u0443\u043b. \u041f\u043e\u0433\u0440\u0430\u043d\u0438\u0447\u043d\u043e\u0439 \u0432 \u041e\u0440\u0448\u0435 \u0441\u0442\u043e\u0438\u0442 \u0432\u043e\u0434\u0430-\u0416\u0438\u0442\u0435\u043b\u0438 \u0434\u043e\u043c\u0430 \u043e\u043a\u0430\u0437\u0430\u043b\u0438\u0441\u044c \u0432 \u043e\u0442\u0447\u0430\u044f\u043d\u043d\u043e\u0439 \u0441\u0438\u0442\u0443\u0430\u0446\u0438\u0438. \u0421 \u0438\u044e\u043d\u044f \u043f\u043e\u0434\u0432\u0430\u043b \u043f\u044f\u0442\u0438\u044d\u0442\u0430\u0436\u043a\u0438 \u043f\u043e\u0434\u0442\u043e\u043f\u043b\u044f\u0435\u0442\u0441\u044f \u0432\u043e\u0434\u043e\u0439, \u0438, \u043d\u0435\u0441\u043c\u043e\u0442\u0440\u044f \u043d\u0430 \u043e\u0431\u0440\u0430\u0449\u0435\u043d\u0438\u044f \u0432 \u043a\u043e\u043c\u043c\u0443\u043d\u0430\u043b\u044c\u043d\u044b\u0435 \u0441\u043b\u0443\u0436\u0431\u044b, \u043f\u0440\u043e\u0431\u043b\u0435\u043c\u0430 \u043e\u0441\u0442\u0430\u0435\u0442\u0441\u044f \u043d\u0435\u0440\u0435\u0448\u0435\u043d\u043d\u043e\u0439. \u0416\u0438\u0442\u0435\u043b\u044c\u043d\u0438\u0446\u0430 \u0440\u0430\u0441\u0441\u043a\u0430\u0437\u0430\u043b\u0430, \u0447\u0442\u043e \u0432 \u043f\u043e\u0434\u0432\u0430\u043b\u0435 \u0433\u043e\u0440\u044f\u0447\u0435\u0439 \u0432\u043e\u0434\u044b \u043f\u043e \u043a\u043e\u043b\u0435\u043d\u043e, \u0430 \u043e\u0444\u0438\u0446\u0438\u0430\u043b\u044c\u043d\u044b\u0435 \u043e\u0442\u0432\u0435\u0442\u044b \u0441\u0432\u043e\u0434\u044f\u0442\u0441\u044f \u043a \u043e\u0442\u043f\u0438\u0441\u043a\u0430\u043c.]" time="0.227" /><testcase classname="tests.test_update78_guarded_grievance_dedup" name="test_confirmed_run41_misses_are_guardedly_admitted[\u0421\u0432\u044f\u0437\u044c, \u0438\u043d\u0442\u0435\u0440\u043d\u0435\u0442 \u0438 \u0442\u0435\u043b\u0435\u0432\u0438\u0434\u0435\u043d\u0438\u0435-\xab\u0421\u0443\u043f\u0435\u0440\u0431\u0435\u0437\u043b\u0438\u043c\u0438\u0442\xbb \u043d\u0435 \u0441\u043f\u0430\u0441: \u0431\u0435\u043b\u043e\u0440\u0443\u0441 \u043f\u043e\u0436\u0430\u043b\u043e\u0432\u0430\u043b\u0441\u044f \u043d\u0430 \u0441\u043a\u043e\u0440\u043e\u0441\u0442\u044c-\u0411\u0435\u043b\u043e\u0440\u0443\u0441 \u043e\u0431\u0440\u0430\u0442\u0438\u043b\u0441\u044f \u043a \u043e\u043f\u0435\u0440\u0430\u0442\u043e\u0440\u0443 \u0441 \u0432\u043e\u043f\u0440\u043e\u0441\u043e\u043c, \u043f\u043e\u0447\u0435\u043c\u0443 \u0435\u043c\u0443 \u043e\u0433\u0440\u0430\u043d\u0438\u0447\u0438\u043b\u0438 \u0441\u043a\u043e\u0440\u043e\u0441\u0442\u044c \u0438\u043d\u0442\u0435\u0440\u043d\u0435\u0442\u0430 \u043f\u0440\u0438 \u043f\u043e\u0434\u043a\u043b\u044e\u0447\u0435\u043d\u043d\u043e\u0439 \u0443\u0441\u043b\u0443\u0433\u0435 \xab\u0421\u0443\u043f\u0435\u0440\u0431\u0435\u0437\u043b\u0438\u043c\u0438\u0442\xbb. \u041e\u043d \u043f\u0440\u0438\u043b\u043e\u0436\u0438\u043b \u0441\u043a\u0440\u0438\u043d\u0448\u043e\u0442\u044b \u043f\u0435\u0440\u0435\u043f\u0438\u0441\u043a\u0438 \u0441 \u043e\u043f\u0435\u0440\u0430\u0442\u043e\u0440\u043e\u043c. \u0412 \u043e\u043f\u0438\u0441\u0430\u043d\u0438\u0438 \u0443\u0441\u043b\u0443\u0433\u0438 \u0438 \u0442\u0430\u0440\u0438\u0444\u0430 \u0438\u043d\u0444\u043e\u0440\u043c\u0430\u0446\u0438\u0438 \u043e\u0431 \u043e\u0433\u0440\u0430\u043d\u0438\u0447\u0435\u043d\u0438\u0438 \u043d\u0435 \u0431\u044b\u043b\u043e.]" time="0.210" /><testcase classname="tests.test_update78_guarded_grievance_dedup" name="test_confirmed_run41_misses_are_guardedly_admitted[\u0417\u0434\u0440\u0430\u0432\u043e\u043e\u0445\u0440\u0430\u043d\u0435\u043d\u0438\u0435-\u041c\u0430\u0442\u044c \u043f\u043e\u0436\u0430\u043b\u043e\u0432\u0430\u043b\u0430\u0441\u044c \u043d\u0430 \u0442\u0440\u0430\u0432\u043c\u044b 5-\u043b\u0435\u0442\u043d\u0435\u0433\u043e \u0441\u044b\u043d\u0430 \u0432 \u043f\u0441\u0438\u0445\u0438\u0430\u0442\u0440\u0438\u0447\u0435\u0441\u043a\u043e\u0439 \u0431\u043e\u043b\u044c\u043d\u0438\u0446\u0435 \u0413\u043e\u043c\u0435\u043b\u044f-\u041c\u0430\u0442\u044c \u043c\u0430\u043b\u044c\u0447\u0438\u043a\u0430 \u0441 \u0438\u043d\u0432\u0430\u043b\u0438\u0434\u043d\u043e\u0441\u0442\u044c\u044e \u0437\u0430\u044f\u0432\u0438\u043b\u0430, \u0447\u0442\u043e \u0441\u044b\u043d \u043f\u043e\u043b\u0443\u0447\u0438\u043b \u0442\u0440\u0430\u0432\u043c\u044b \u0432\u043e \u0432\u0440\u0435\u043c\u044f \u043b\u0435\u0447\u0435\u043d\u0438\u044f \u0432 \u0434\u0435\u0442\u0441\u043a\u043e\u043c \u043f\u0441\u0438\u0445\u0438\u0430\u0442\u0440\u0438\u0447\u0435\u0441\u043a\u043e\u043c \u043e\u0442\u0434\u0435\u043b\u0435\u043d\u0438\u0438 \u0431\u043e\u043b\u044c\u043d\u0438\u0446\u044b. \u041f\u043e\u0441\u043b\u0435 \u0432\u044b\u043f\u0438\u0441\u043a\u0438 \u043e\u043d\u0430 \u043e\u0431\u043d\u0430\u0440\u0443\u0436\u0438\u043b\u0430 \u0443 \u0440\u0435\u0431\u0435\u043d\u043a\u0430 \u0433\u0435\u043c\u0430\u0442\u043e\u043c\u044b. \u041c\u0430\u0442\u044c \u043d\u0430\u043f\u0438\u0441\u0430\u043b\u0430 \u0436\u0430\u043b\u043e\u0431\u0443, \u043e\u0431\u0440\u0430\u0442\u0438\u043b\u0430\u0441\u044c \u0432 \u043c\u0438\u043b\u0438\u0446\u0438\u044e \u0438 \u041c\u0438\u043d\u0437\u0434\u0440\u0430\u0432; \u0432 \u0431\u043e\u043b\u044c\u043d\u0438\u0446\u0435 \u043d\u0430\u0447\u0430\u0442\u0430 \u0432\u043d\u0443\u0442\u0440\u0435\u043d\u043d\u044f\u044f \u043f\u0440\u043e\u0432\u0435\u0440\u043a\u0430.]" time="0.196" /><testcase classname="tests.test_update78_guarded_grievance_dedup" name="test_confirmed_run41_misses_are_guardedly_admitted[\u0417\u0434\u0440\u0430\u0432\u043e\u043e\u0445\u0440\u0430\u043d\u0435\u043d\u0438\u0435-\u0416\u0430\u043b\u043e\u0431\u0430 \u043d\u0430 \u0436\u0435\u043d\u0441\u043a\u0443\u044e \u043a\u043e\u043d\u0441\u0443\u043b\u044c\u0442\u0430\u0446\u0438\u044e \u0432 \u0421\u043c\u043e\u043b\u0435\u0432\u0438\u0447\u0430\u0445 \u0434\u043e\u0448\u043b\u0430 \u0434\u043e \u0426\u0420\u0411-\u0421\u043c\u043e\u043b\u0435\u0432\u0438\u0447\u0430\u043d\u043a\u0430 \u043f\u043e\u0436\u0430\u043b\u043e\u0432\u0430\u043b\u0430\u0441\u044c \u043d\u0430 \u0440\u0430\u0431\u043e\u0442\u0443 \u0436\u0435\u043d\u0441\u043a\u043e\u0439 \u043a\u043e\u043d\u0441\u0443\u043b\u044c\u0442\u0430\u0446\u0438\u0438 \u0426\u0420\u0411. \u041f\u0430\u0446\u0438\u0435\u043d\u0442\u043a\u0430 \u043d\u0435 \u0441\u043c\u043e\u0433\u043b\u0430 \u043f\u043e\u043f\u0430\u0441\u0442\u044c \u043d\u0430 \u043f\u0440\u0438\u0435\u043c \u043a \u0441\u0432\u043e\u0435\u043c\u0443 \u0432\u0440\u0430\u0447\u0443, \u0435\u0435 \u043d\u0430\u043f\u0440\u0430\u0432\u0438\u043b\u0438 \u0432 \u0434\u0440\u0443\u0433\u043e\u0439 \u043a\u0430\u0431\u0438\u043d\u0435\u0442, \u043e\u0434\u043d\u0430\u043a\u043e \u0438 \u0442\u0430\u043c \u043f\u043e\u043f\u0430\u0441\u0442\u044c \u043d\u0430 \u043f\u0440\u0438\u0435\u043c \u0435\u0439 \u043d\u0435 \u0443\u0434\u0430\u043b\u043e\u0441\u044c. \u0421\u0438\u0442\u0443\u0430\u0446\u0438\u044e \u043f\u0440\u043e\u043a\u043e\u043c\u043c\u0435\u043d\u0442\u0438\u0440\u043e\u0432\u0430\u043b\u0430 \u0437\u0430\u0432\u0435\u0434\u0443\u044e\u0449\u0430\u044f \u043a\u043e\u043d\u0441\u0443\u043b\u044c\u0442\u0430\u0446\u0438\u0435\u0439.]" time="0.205" /><testcase classname="tests.test_update78_guarded_grievance_dedup" name="test_confirmed_run41_misses_are_guardedly_admitted[\u041a\u0430\u0447\u0435\u0441\u0442\u0432\u043e \u0442\u043e\u0432\u0430\u0440\u043e\u0432 \u0438 \u0443\u0441\u043b\u0443\u0433-\u0411\u0435\u043b\u043e\u0440\u0443\u0441\u044b \u0432\u0441\u0442\u0443\u043f\u0438\u043b\u0438\u0441\u044c \u0437\u0430 \u043f\u043e\u0436\u0438\u043b\u0443\u044e \u043c\u0438\u043d\u0447\u0430\u043d\u043a\u0443 \u0432 \u043c\u0430\u0433\u0430\u0437\u0438\u043d\u0435 \xab\u0421\u043e\u0441\u0435\u0434\u0438\xbb-\u0412 \u043c\u0430\u0433\u0430\u0437\u0438\u043d\u0435 \u0443\u0431\u0440\u0430\u043b\u0438 \u043e\u0431\u044b\u0447\u043d\u044b\u0435 \u043a\u0430\u0441\u0441\u044b. \u041f\u043e\u0436\u0438\u043b\u0430\u044f \u043f\u043e\u043a\u0443\u043f\u0430\u0442\u0435\u043b\u044c\u043d\u0438\u0446\u0430 \u0431\u044b\u043b\u0430 \u0441 \u0440\u0435\u0431\u0435\u043d\u043a\u043e\u043c-\u0438\u043d\u0432\u0430\u043b\u0438\u0434\u043e\u043c \u0438 \u043d\u0435 \u0441\u043c\u043e\u0433\u043b\u0430 \u043f\u043e\u043b\u044c\u0437\u043e\u0432\u0430\u0442\u044c\u0441\u044f \u043a\u0430\u0441\u0441\u043e\u0439 \u0441\u0430\u043c\u043e\u043e\u0431\u0441\u043b\u0443\u0436\u0438\u0432\u0430\u043d\u0438\u044f. \u0421\u043e\u0442\u0440\u0443\u0434\u043d\u0438\u043a\u0438 \u043d\u0435 \u043e\u043a\u0430\u0437\u0430\u043b\u0438 \u043f\u043e\u043c\u043e\u0449\u044c, \u0445\u043e\u0442\u044f \u0436\u0435\u043d\u0449\u0438\u043d\u0430 \u0440\u0430\u043d\u0435\u0435 \u043e\u0431\u0440\u0430\u0449\u0430\u043b\u0430\u0441\u044c \u043a \u0440\u0443\u043a\u043e\u0432\u043e\u0434\u0441\u0442\u0432\u0443 \u0441\u0435\u0442\u0438 \u0438\u0437-\u0437\u0430 \u0441\u043b\u043e\u0436\u043d\u043e\u0441\u0442\u0435\u0439 \u0434\u043b\u044f \u043f\u043e\u043a\u0443\u043f\u0430\u0442\u0435\u043b\u0435\u0439.]" time="0.209" /><testcase classname="tests.test_update78_guarded_grievance_dedup" name="test_run41_noise_families_stay_rejected[\u0423 \u0441\u0435\u043c\u044c\u0438 \u0441\u0433\u043e\u0440\u0435\u043b \u0447\u0430\u0441\u0442\u043d\u044b\u0439 \u0434\u043e\u043c-\u041f\u043e\u0436\u0430\u0440 \u043b\u0438\u0448\u0438\u043b \u043e\u0434\u043d\u0443 \u0441\u0435\u043c\u044c\u044e \u0436\u0438\u043b\u044c\u044f \u0438 \u0438\u043c\u0443\u0449\u0435\u0441\u0442\u0432\u0430.]" time="0.094" /><testcase classname="tests.test_update78_guarded_grievance_dedup" name="test_run41_noise_families_stay_rejected[\u0412\u0441\u0442\u0440\u0435\u0447\u0430 \u0441 \u043b\u0435\u0441\u043e\u0432\u043e\u0437\u043e\u043c \u043f\u043e\u043f\u0430\u043b\u0430 \u043d\u0430 \u0432\u0438\u0434\u0435\u043e-\u041b\u0435\u0441\u043e\u0432\u043e\u0437 \u0432\u044b\u04
[...]
a\u043e\u043c\u043c\u0435\u043d\u0442\u0430\u0440\u0438\u044f\u0445 \u043e\u043f\u0438\u0441\u0430\u043b\u0438 \u043f\u043e\u0445\u043e\u0436\u0438\u0435 \u0441\u043b\u0443\u0447\u0430\u0438 \u0432 \u0434\u0440\u0443\u0433\u0438\u0445 \u043c\u0430\u0433\u0430\u0437\u0438\u043d\u0430\u0445. \u041f\u0440\u0435\u0434\u0441\u0442\u0430\u0432\u0438\u0442\u0435\u043b\u0438 \u0441\u0435\u0442\u0438 \u0438\u0437\u0432\u0438\u043d\u0438\u043b\u0438\u0441\u044c \u0438 \u043d\u0430\u0447\u0430\u043b\u0438 \u0440\u0430\u0437\u0431\u043e\u0440.-\u041a\u0430\u0447\u0435\u0441\u0442\u0432\u043e \u0442\u043e\u0432\u0430\u0440\u043e\u0432 \u0438 \u0443\u0441\u043b\u0443\u0433]" time="0.173" /><testcase classname="tests.test_update81_run44_balanced_integrity" name="test_confirmed_run44_losses_are_restored[\u0427\u0442\u043e \u0432\u043b\u0438\u044f\u0435\u0442 \u043d\u0430 \u043a\u0430\u0447\u0435\u0441\u0442\u0432\u043e \u043f\u0438\u0442\u044c\u0435\u0432\u043e\u0439 \u0432\u043e\u0434\u044b \u0432 \u043c\u0438\u043a\u0440\u043e\u0440\u0430\u0439\u043e\u043d\u0435-\u0412\u043e\u0434\u043e\u043a\u0430\u043d\u0430\u043b \u043f\u0440\u0438\u0437\u043d\u0430\u043b \u0432\u0440\u0435\u043c\u0435\u043d\u043d\u043e\u0435 \u0443\u0445\u0443\u0434\u0448\u0435\u043d\u0438\u0435 \u043a\u0430\u0447\u0435\u0441\u0442\u0432\u0430 \u0432\u043e\u0434\u044b.-\u0421\u0442\u0430\u0440\u0430\u044f \u0430\u0432\u0442\u043e\u043c\u0430\u0442\u0438\u043a\u0430 \u0432\u043e\u0434\u043e\u0437\u0430\u0431\u043e\u0440\u0430 \u0438\u0437\u043d\u043e\u0448\u0435\u043d\u0430, \u043e\u0441\u0442\u0430\u043d\u043e\u0432\u043a\u0438 \u043f\u043e\u0432\u0442\u043e\u0440\u044f\u043b\u0438\u0441\u044c; \u0437\u0430\u043a\u043b\u044e\u0447\u0435\u043d \u0434\u043e\u0433\u043e\u0432\u043e\u0440 \u043d\u0430 \u043e\u0431\u043d\u043e\u0432\u043b\u0435\u043d\u0438\u0435.-\u0416\u041a\u0425 \u0438 \u0441\u043e\u0441\u0442\u043e\u044f\u043d\u0438\u0435 \u0436\u0438\u043b\u044c\u044f]" time="0.158" /><testcase classname="tests.test_update81_run44_balanced_integrity" name="test_confirmed_run44_losses_are_restored[\u041c\u043e\u0436\u043d\u043e \u043b\u0438 \u043f\u0440\u043e\u0434\u0430\u0432\u0446\u0430\u043c \u0440\u0430\u0431\u043e\u0442\u0430\u0442\u044c \u043f\u043e 13\u201314 \u0447\u0430\u0441\u043e\u0432-\u0412 \u043f\u0440\u043e\u0444\u0441\u043e\u044e\u0437 \u043e\u0431\u0440\u0430\u0442\u0438\u043b\u0430\u0441\u044c \u0440\u0430\u0431\u043e\u0442\u043d\u0438\u0446\u0430 \u0442\u043e\u0440\u0433\u043e\u0432\u043b\u0438, \u043a\u043e\u0442\u043e\u0440\u0430\u044f \u0442\u0440\u0443\u0434\u0438\u0442\u0441\u044f \u043f\u043e 13\u201314 \u0447\u0430\u0441\u043e\u0432.-\u0412 \u043f\u0440\u043e\u0444\u0441\u043e\u044e\u0437 \u043e\u0431\u0440\u0430\u0442\u0438\u043b\u0430\u0441\u044c \u0440\u0430\u0431\u043e\u0442\u043d\u0438\u0446\u0430 \u0442\u043e\u0440\u0433\u043e\u0432\u043b\u0438, \u043a\u043e\u0442\u043e\u0440\u0430\u044f \u0442\u0440\u0443\u0434\u0438\u0442\u0441\u044f \u043f\u043e 13\u201314 \u0447\u0430\u0441\u043e\u0432. \u0418\u043d\u0441\u043f\u0435\u043a\u0442\u043e\u0440 \u043f\u043e\u044f\u0441\u043d\u0438\u043b: \u0440\u0430\u0431\u043e\u0447\u0430\u044f \u0441\u043c\u0435\u043d\u0430 \u043d\u0435 \u0434\u043e\u043b\u0436\u043d\u0430 \u043f\u0440\u0435\u0432\u044b\u0448\u0430\u0442\u044c 12 \u0447\u0430\u0441\u043e\u0432.-\u0420\u0430\u0431\u043e\u0442\u0430, \u0437\u0430\u0440\u043f\u043b\u0430\u0442\u044b \u0438 \u0434\u043e\u0445\u043e\u0434\u044b]" time="0.173" /><testcase classname="tests.test_update81_run44_balanced_integrity" name="test_confirmed_run44_noise_is_rejected[\u0423\u0448\u0435\u043b \u0441 \u0434\u0430\u0447\u0438: \u043f\u0440\u043e\u043f\u0430\u043b 79-\u043b\u0435\u0442\u043d\u0438\u0439 \u043c\u0443\u0436\u0447\u0438\u043d\u0430-\u041f\u043e\u0438\u0441\u043a\u043e\u0432\u0438\u043a\u0438 \u043f\u0440\u043e\u0441\u044f\u0442 \u0441\u043e\u043e\u0431\u0449\u0438\u0442\u044c \u0441\u0432\u0435\u0434\u0435\u043d\u0438\u044f.-\u041c\u0443\u0436\u0447\u0438\u043d\u0430 \u0443\u0448\u0435\u043b \u0441 \u0434\u0430\u0447\u0438 \u0438 \u043d\u0435 \u0432\u0435\u0440\u043d\u0443\u043b\u0441\u044f.]" time="0.109" /><testcase classname="tests.test_update81_run44_balanced_integrity" name="test_confirmed_run44_noise_is_rejected[\u041d\u0430 \u0434\u043e\u0440\u043e\u0433\u0435 \u0432\u043a\u043b\u044e\u0447\u0438\u043b\u0438 \u0441\u0438\u0441\u0442\u0435\u043c\u0443 \u0444\u0438\u043a\u0441\u0430\u0446\u0438\u0438 \u0441\u0440\u0435\u0434\u043d\u0435\u0439 \u0441\u043a\u043e\u0440\u043e\u0441\u0442\u0438-\u041d\u043e\u0432\u044b\u0439 \u0443\u0447\u0430\u0441\u0442\u043e\u043a \u0434\u043b\u0438\u043d\u043e\u0439 12 \u043a\u043c \u0432\u0437\u044f\u0442 \u043f\u043e\u0434 \u043a\u043e\u043d\u0442\u0440\u043e\u043b\u044c.-\u041a\u0430\u043c\u0435\u0440\u044b \u043d\u0430\u0447\u0430\u043b\u0438 \u0440\u0430\u0431\u043e\u0442\u0430\u0442\u044c \u0441\u0435\u0433\u043e\u0434\u043d\u044f.]" time="0.106" /><testcase classname="tests.test_update81_run44_balanced_integrity" name="test_confirmed_run44_noise_is_rejected[\u0427\u0442\u043e \u0438\u0437\u043c\u0435\u043d\u044f\u0442 \u0432 \u0437\u0430\u043a\u043e\u043d\u043e\u0434\u0430\u0442\u0435\u043b\u044c\u0441\u0442\u0432\u0435 \u043e \u043f\u0435\u0440\u0441\u043e\u043d\u0430\u043b\u044c\u043d\u044b\u0445 \u0434\u0430\u043d\u043d\u044b\u0445. \u0413\u043b\u0430\u0432\u043d\u043e\u0435 \u0434\u043b\u044f \u0431\u0438\u0437\u043d\u0435\u0441\u0430-\u0421\u043e\u0431\u0440\u0430\u043b\u0438 \u043e\u0441\u043d\u043e\u0432\u043d\u044b\u0435 \u0438\u0437\u043c\u0435\u043d\u0435\u043d\u0438\u044f \u0434\u043b\u044f \u043f\u0440\u0435\u0434\u043f\u0440\u0438\u043d\u0438\u043c\u0430\u0442\u0435\u043b\u0435\u0439.-\u042d\u0442\u043e \u043d\u0435\u0439\u0442\u0440\u0430\u043b\u044c\u043d\u043e\u0435 \u0440\u0430\u0437\u044a\u044f\u0441\u043d\u0435\u043d\u0438\u0435 \u043f\u0440\u043e\u0435\u043a\u0442\u0430 \u0437\u0430\u043a\u043e\u043d\u0430 \u0431\u0435\u0437 \u0436\u0430\u043b\u043e\u0431 \u0438 \u043d\u0430\u0440\u0443\u0448\u0435\u043d\u0438\u0439.]" time="0.111" /><testcase classname="tests.test_update81_run44_balanced_integrity" name="test_confirmed_run44_noise_is_rejected[\u041a\u043e\u043c\u0431\u0430\u0439\u043d\u0435\u0440\u044b \u0437\u0430\u0440\u0430\u0431\u043e\u0442\u0430\u043b\u0438 \u0434\u043e 19 \u0442\u044b\u0441\u044f\u0447 \u0440\u0443\u0431\u043b\u0435\u0439-\u041b\u0443\u0447\u0448\u0438\u0435 \u043c\u0435\u0445\u0430\u043d\u0438\u0437\u0430\u0442\u043e\u0440\u044b \u043f\u043e\u043b\u0443\u0447\u0438\u043b\u0438 \u0432\u044b\u0441\u043e\u043a\u0438\u0439 \u0441\u0435\u0437\u043e\u043d\u043d\u044b\u0439 \u0437\u0430\u0440\u0430\u0431\u043e\u0442\u043e\u043a.-\u041e\u043f\u0443\u0431\u043b\u0438\u043a\u043e\u0432\u0430\u043d \u043f\u043e\u0437\u0438\u0442\u0438\u0432\u043d\u044b\u0439 \u0440\u0435\u0439\u0442\u0438\u043d\u0433 \u0440\u0430\u0431\u043e\u0442\u043d\u0438\u043a\u043e\u0432 \u0443\u0431\u043e\u0440\u043e\u0447\u043d\u043e\u0439 \u043a\u0430\u043c\u043f\u0430\u043d\u0438\u0438.]" time="0.067" /><testcase classname="tests.test_update81_run44_balanced_integrity" name="test_confirmed_run44_noise_is_rejected[\u0414\u0430\u043b\u044c\u043d\u0438\u0439 \u0412\u043e\u0441\u0442\u043e\u043a \u0437\u0430\u0438\u043d\u0442\u0435\u0440\u0435\u0441\u043e\u0432\u0430\u043d \u0432 \u0431\u0435\u043b\u043e\u0440\u0443\u0441\u0441\u043a\u043e\u0439 \u0442\u0435\u0445\u043d\u0438\u043a\u0435-\u0420\u043e\u0441\u0441\u0438\u0439\u0441\u043a\u0438\u0439 \u0440\u0435\u0433\u0438\u043e\u043d \u0445\u043e\u0447\u0435\u0442 \u043f\u043e\u043a\u0443\u043f\u0430\u0442\u044c \u0442\u0435\u0445\u043d\u0438\u043a\u0443 \u0438 \u0442\u043e\u043f\u043b\u0438\u0432\u043e.-\u0421\u0442\u043e\u0440\u043e\u043d\u044b \u043e\u0431\u0441\u0443\u0434\u0438\u043b\u0438 \u044d\u043a\u0441\u043f\u043e\u0440\u0442\u043d\u044b\u0435 \u043f\u043e\u0441\u0442\u0430\u0432\u043a\u0438.]" time="0.102" /><testcase classname="tests.test_update81_run44_balanced_integrity" name="test_confirmed_run44_noise_is_rejected[\u0412\u043d\u0438\u043c\u0430\u043d\u0438\u0435 \u0431\u0435\u0437\u043e\u043f\u0430\u0441\u043d\u043e\u0441\u0442\u0438 \u043d\u0430 \u0434\u043e\u0440\u043e\u0433\u0430\u0445-\u0413\u0410\u0418 \u043f\u0440\u043e\u0432\u043e\u0434\u0438\u0442 \u043f\u0440\u043e\u0444\u0438\u043b\u0430\u043a\u0442\u0438\u0447\u0435\u0441\u043a\u0443\u044e \u043a\u0430\u043c\u043f\u0430\u043d\u0438\u044e.-\u0412\u043e\u0434\u0438\u0442\u0435\u043b\u044f\u043c \u043d\u0430\u043f\u043e\u043c\u043d\u0438\u043b\u0438 \u043f\u0440\u0430\u0432\u0438\u043b\u0430 \u0434\u043e\u0440\u043e\u0436\u043d\u043e\u0433\u043e \u0434\u0432\u0438\u0436\u0435\u043d\u0438\u044f.]" time="0.107" /><testcase classname="tests.test_update81_run44_balanced_integrity" name="test_confirmed_run44_noise_is_rejected[\u0422\u0420\u0426 \u0438\u0449\u0435\u0442 \u043d\u0430\u0437\u0432\u0430\u043d\u0438\u0435: \u043f\u043e\u0431\u0435\u0434\u0438\u0442\u0435\u043b\u044e \u043e\u0431\u0435\u0449\u0430\u044e\u0442 \u0441\u043c\u0430\u0440\u0442\u0444\u043e\u043d-\u041e\u0431\u044a\u044f\u0432\u043b\u0435\u043d \u043a\u043e\u043d\u043a\u0443\u0440\u0441 \u043d\u0430 \u043b\u0443\u0447\u0448\u0435\u0435 \u043d\u0430\u0437\u0432\u0430\u043d\u0438\u0435 \u0442\u043e\u0440\u0433\u043e\u0432\u043e\u0433\u043e \u0446\u0435\u043d\u0442\u0440\u0430.-\u0423\u0447\u0430\u0441\u0442\u043d\u0438\u043a\u0438 \u043f\u0440\u0435\u0434\u043b\u0430\u0433\u0430\u044e\u0442 \u0432\u0430\u0440\u0438\u0430\u043d\u0442\u044b, \u043f\u043e\u0431\u0435\u0434\u0438\u0442\u0435\u043b\u044c \u043f\u043e\u043b\u0443\u0447\u0438\u0442 \u043f\u0440\u0438\u0437.]" time="0.106" /><testcase classname="tests.test_update81_run44_balanced_integrity" name="test_confirmed_run44_noise_is_rejected[\u041f\u0435\u0440\u0435\u0432\u043e\u0437\u0447\u0438\u043a \u0440\u0430\u0437\u0440\u0435\u0448\u0438\u043b \u0431\u0435\u0441\u043f\u043b\u0430\u0442\u043d\u043e \u043f\u0435\u0440\u0435\u0441\u0430\u0436\u0438\u0432\u0430\u0442\u044c\u0441\u044f \u0432 \u0430\u0432\u0442\u043e\u0431\u0443\u0441-\u041f\u0430\u0441\u0441\u0430\u0436\u0438\u0440\u044b \u043c\u043e\u0433\u0443\u0442 \u0432\u044b\u0431\u0440\u0430\u0442\u044c \u0430\u0432\u0442\u043e\u0431\u0443\u0441, \u043a\u043e\u0442\u043e\u0440\u044b\u0439 \u0441\u0442\u043e\u0438\u0442 \u0431\u043b\u0438\u0436\u0435 \u043a \u0433\u0440\u0430\u043d\u0438\u0446\u0435.-\u0411\u0435\u0441\u043f\u043b\u0430\u0442\u043d\u0430\u044f \u043f\u0435\u0440\u0435\u0441\u0430\u0434\u043a\u0430 \u0443\u0436\u0435 \u0434\u0435\u0439\u0441\u0442\u0432\u0443\u0435\u0442.]" time="0.115" /><testcase classname="tests.test_update81_run44_balanced_integrity" name="test_confirmed_run44_noise_is_rejected[\u0424\u0435\u0440\u043c\u0435\u0440 \u0432\u043e\u0437\u043c\u0443\u0442\u0438\u043b \u043f\u043e\u043a\u0443\u043f\u0430\u0442\u0435\u043b\u0435\u0439 \u0446\u0435\u043d\u043e\u0439 \u0434\u043e\u043c\u0430\u0448\u043d\u0435\u0433\u043e \u0441\u0430\u043b\u0430-\u0427\u0430\u0441\u0442\u043d\u044b\u0439 \u043f\u0440\u043e\u0434\u0430\u0432\u0435\u0446 \u043d\u0430\u0437\u043d\u0430\u0447\u0438\u043b 40 \u0440\u0443\u0431\u043b\u0435\u0439 \u0437\u0430 \u043a\u0438\u043b\u043e\u0433\u0440\u0430\u043c\u043c.-\u041f\u043e\u043b\u044c\u0437\u043e\u0432\u0430\u0442\u0435\u043b\u0438 \u0441\u043f\u043e\u0440\u044f\u0442 \u043e \u0446\u0435\u043d\u0435 \u0441\u0430\u043b\u0430 \u0443 \u043e\u0434\u043d\u043e\u0433\u043e \u0444\u0435\u0440\u043c\u0435\u0440\u0430.]" time="0.110" /><testcase classname="tests.test_update81_run44_balanced_integrity" name="test_confirmed_run44_noise_is_rejected[\u041c\u044d\u0440 \u043e\u043f\u0440\u043e\u0432\u0435\u0440\u0433 \u0441\u043b\u0443\u0445\u0438 \u043e \u043f\u0435\u0440\u0435\u043d\u043e\u0441\u0435 \u0441\u0442\u0440\u043e\u0438\u0442\u0435\u043b\u044c\u0441\u0442\u0432\u0430 \u043c\u0435\u0442\u0440\u043e-\u0418\u043d\u0444\u043e\u0440\u043c\u0430\u0446\u0438\u044f \u043e \u0437\u0430\u0434\u0435\u0440\u0436\u043a\u0435 \u043d\u0435 \u0441\u043e\u043e\u0442\u0432\u0435\u0442\u0441\u0442\u0432\u0443\u0435\u0442 \u0434\u0435\u0439\u0441\u0442\u0432\u0438\u0442\u0435\u043b\u044c\u043d\u043e\u0441\u0442\u0438.-\u0420\u0430\u0431\u043e\u0442\u044b \u0438\u0434\u0443\u0442 \u043f\u043e \u0433\u0440\u0430\u0444\u0438\u043a\u0443.]" time="0.109" /><testcase classname="tests.test_update81_run44_balanced_integrity" name="test_new_recall_profiles_do_not_admit_neutral_or_single_cases[\u0412 \u043c\u0430\u0433\u0430\u0437\u0438\u043d\u0435 \u043f\u0440\u043e\u0438\u0437\u043e\u0448\u0435\u043b \u0435\u0434\u0438\u043d\u0438\u0447\u043d\u044b\u0439 \u043a\u043e\u043d\u0444\u043b\u0438\u043a\u0442-\u041e\u0434\u0438\u043d \u043f\u043e\u043a\u0443\u043f\u0430\u0442\u0435\u043b\u044c \u0441\u043e\u043e\u0431\u0449\u0438\u043b \u043e \u0433\u0440\u0443\u0431\u043e\u043c \u043e\u0442\u0432\u0435\u0442\u0435 \u043a\u0430\u0441\u0441\u0438\u0440\u0430.-\u0414\u0440\u0443\u0433\u0438\u0445 \u0436\u0430\u043b\u043e\u0431 \u0438 \u043f\u0440\u043e\u0432\u0435\u0440\u043a\u0438 \u043d\u0435 \u0431\u044b\u043b\u043e.]" time="0.110" /><testcase classname="tests.test_update81_run44_balanced_integrity" name="test_new_recall_profiles_do_not_admit_neutral_or_single_cases[\u041a\u0430\u043a \u0437\u0430\u0449\u0438\u0442\u0438\u0442\u044c \u043f\u0435\u0440\u0441\u043e\u043d\u0430\u043b\u044c\u043d\u044b\u0435 \u0434\u0430\u043d\u043d\u044b\u0435-\u0421\u043f\u0435\u0446\u0438\u0430\u043b\u0438\u0441\u0442 \u0434\u0430\u043b \u0440\u0435\u043a\u043e\u043c\u0435\u043d\u0434\u0430\u0446\u0438\u0438 \u043f\u043e\u043b\u044c\u0437\u043e\u0432\u0430\u0442\u0435\u043b\u044f\u043c.-\u0424\u0430\u043a\u0442\u0438\u0447\u0435\u0441\u043a\u0438\u0445 \u0436\u0430\u043b\u043e\u0431, \u0443\u0442\u0435\u0447\u0435\u043a \u0438 \u043d\u0430\u0440\u0443\u0448\u0435\u043d\u0438\u0439 \u043d\u0435 \u0432\u044b\u044f\u0432\u043b\u0435\u043d\u043e.]" time="0.104" /><testcase classname="tests.test_update81_run44_balanced_integrity" name="test_new_recall_profiles_do_not_admit_neutral_or_single_cases[\u0412\u043e\u0434\u043e\u043a\u0430\u043d\u0430\u043b \u0440\u0430\u0441\u0441\u043a\u0430\u0437\u0430\u043b \u043e \u043f\u043e\u0434\u0433\u043e\u0442\u043e\u0432\u043a\u0435 \u043a \u0437\u0438\u043c\u0435-\u041e\u0431\u043e\u0440\u0443\u0434\u043e\u0432\u0430\u043d\u0438\u0435 \u043f\u0440\u043e\u0432\u0435\u0440\u0438\u043b\u0438 \u043f\u043e \u0433\u0440\u0430\u0444\u0438\u043a\u0443.-\u041a\u0430\u0447\u0435\u0441\u0442\u0432\u043e \u043f\u0438\u0442\u044c\u0435\u0432\u043e\u0439 \u0432\u043e\u0434\u044b \u0441\u043e\u043e\u0442\u0432\u0435\u0442\u0441\u0442\u0432\u0443\u0435\u0442 \u043d\u043e\u0440\u043c\u0430\u043c, \u0436\u0430\u043b\u043e\u0431 \u043d\u0435\u0442.]" time="0.102" /><testcase classname="tests.test_update81_run44_balanced_integrity" name="test_new_recall_profiles_do_not_admit_neutral_or_single_cases[\u041a\u0443\u043b\u0438\u043d\u0430\u0440\u043d\u044b\u0439 \u0446\u0435\u0445 \u043e\u0431\u043d\u043e\u0432\u0438\u043b \u043e\u0431\u043e\u0440\u0443\u0434\u043e\u0432\u0430\u043d\u0438\u0435-\u041f\u0440\u0435\u0434\u043f\u0440\u0438\u044f\u0442\u0438\u0435 \u043f\u0440\u043e\u0432\u0435\u043b\u043e \u043f\u043b\u0430\u043d\u043e\u0432\u0443\u044e \u0443\u0431\u043e\u0440\u043a\u0443.-\u0421\u0430\u043d\u0438\u0442\u0430\u0440\u043d\u044b\u0445 \u043d\u0430\u0440\u0443\u0448\u0435\u043d\u0438\u0439 \u043d\u0435 \u0432\u044b\u044f\u0432\u043b\u0435\u043d\u043e, \u043f\u0440\u043e\u0438\u0437\u0432\u043e\u0434\u0441\u0442\u0432\u043e \u0440\u0430\u0431\u043e\u0442\u0430\u0435\u0442.]" time="0.061" /><testcase classname="tests.test_update81_run44_balanced_integrity" name="test_lyuban_adjective_resolves_to_lyuban_not_soligorsk" time="0.027" /><testcase classname="tests.test_update81_run44_balanced_integrity" name="test_dns_enforcement_rewrites_consolidate_despite_different_headline_numbers" time="0.008" /><testcase classname="tests.test_update81_run44_balanced_integrity" name="test_veterinary_price_survey_rewrites_consolidate_across_categories" time="0.005" /><testcase classname="tests.test_update81_run44_balanced_integrity" name="test_short_generated_discourse_fragment_is_recovered_from_full_text" time="0.001" /><testcase classname="tests.test_update81_run44_balanced_integrity" name="test_update81_build_marker" time="0.000" /><testcase classname="tests.test_update81_run44_balanced_integrity" name="test_neutral_working_hours_do_not_trigger_enforcement_profile" time="0.000" /><testcase classname="tests.test_update81_run44_balanced_integrity" name="test_apology_alone_does_not_prove_repeated_consumer_harm" time="0.000" /><testcase classname="tests.test_update81_run44_balanced_integrity" name="test_foreign_vaccine_harm_without_belarus_market_link_stays_rejected" time="0.115" /><testcase classname="tests.test_update81_run44_balanced_integrity" name="test_dns_same_chain_different_enforcement_numbers_do_not_merge" time="0.031" /><testcase classname="tests.test_update81_run44_balanced_integrity" name="test_lead_numeric_evidence_is_not_lost_with_short_display_excerpt" time="0.003" /><testcase classname="tests.test_update81_run44_balanced_integrity" name="test_explicit_national_scope_does_not_inherit_newsroom_city" time="0.003" /><testcase classname="tests.test_update81_run44_balanced_integrity" name="test_water_outage_uses_named_satellite_settlement_not_generic_area" time="0.004" /><testcase classname="tests.test_update82_run45_regex_and_semantic_history" name="test_run45_generic_115_instructions_are_not_cards" time="0.166" /><testcase classname="tests.test_update82_run45_regex_and_semantic_history" name="test_run45_promotional_contest_stays_out_despite_old_controversy" time="0.109" /><testcase classname="tests.test_update82_run45_regex_and_semantic_history" name="test_run45_resolved_border_transfer_stays_out" time="0.109" /><testcase classname="tests.test_update82_run45_regex_and_semantic_history" name="test_run45_official_schedule_denial_stays_out" time="0.112" /><testcase classname="tests.test_update82_run45_regex_and_semantic_history" name="test_run45_unpaid_wages_for_many_workers_are_restored" time="0.204" /><testcase classname="tests.test_update82_run45_regex_and_semantic_history" name="test_dns_access_restriction_is_one_sale_noncompliance_event" time="0.019" /><testcase classname="tests.test_update82_run45_regex_and_semantic_history" name="test_semantic_input_archive_is_private_and_persistent" time="0.000" /><testcase classname="tests.test_update82_run45_regex_and_semantic_history" name="test_semantic_shadow_is_manual_and_advisory_only" time="0.000" /><testcase classname="tests.test_update82_run45_regex_and_semantic_history" name="test_shadow_priority_never_overrides_regex_decision" time="0.000" /><testcase classname="tests.test_update82_run45_regex_and_semantic_history" name="test_update82_build_marker" time="0.000" /><testcase classname="tests.test_update83_run47_shadow_score_and_precision" name="test_positive_community_cleanup_is_not_a_problem_card" time="0.116" /><testcase classname="tests.test_update83_run47_shadow_score_and_precision" name="test_foreign_security_diplomacy_is_not_social_monitoring" time="0.118" /><testcase classname="tests.test_update83_run47_shadow_score_and_precision" name="test_foreign_trade_sanctions_statement_is_not_rescue" time="0.116" /><testcase classname="tests.test_update83_run47_shadow_score_and_precision" name="test_indian_environment_story_is_excluded_without_belarusian_impact" time="0.168" /><testcase classname="tests.test_update83_run47_shadow_score_and_precision" name="test_shadow_score_is_a_normalized_softmax_sum" time="0.001" /><testcase classname="tests.test_update83_run47_shadow_score_and_precision" name="test_shadow_uses_single_distribution_not_independent_labels" time="0.000" /><testcase classname="tests.test_update83_run47_shadow_score_and_precision" name="test_update83_build_marker" time="0.000" /></testsuite></testsuites>